Using pre-set license
Built from '2022.3/staging' branch; Version is '2022.3.13f1 (5f90a5ebde0f) revision 6262949'; Using compiler version '192829333'; Build Type 'Release'
OS: 'Windows 10  (10.0.19045) 64bit Professional' Language: 'en' Physical Memory: 16294 MB
BatchMode: 1, IsHumanControllingUs: 0, StartBugReporterOnCrash: 0, Is64bit: 1, IsPro: 1

COMMAND LINE ARGUMENTS:
C:\Program Files\Unity\Hub\Editor\2022.3.13f1\Editor\Unity.exe
-adb2
-batchMode
-noUpm
-name
AssetImportWorker0
-projectPath
C:/temp/iShoot
-logFile
Logs/AssetImportWorker0.log
-srvPort
64042
Successfully changed project path to: C:/temp/iShoot
C:/temp/iShoot
[UnityMemory] Configuration Parameters - Can be set up in boot.config
    "memorysetup-bucket-allocator-granularity=16"
    "memorysetup-bucket-allocator-bucket-count=8"
    "memorysetup-bucket-allocator-block-size=33554432"
    "memorysetup-bucket-allocator-block-count=8"
    "memorysetup-main-allocator-block-size=16777216"
    "memorysetup-thread-allocator-block-size=16777216"
    "memorysetup-gfx-main-allocator-block-size=16777216"
    "memorysetup-gfx-thread-allocator-block-size=16777216"
    "memorysetup-cache-allocator-block-size=4194304"
    "memorysetup-typetree-allocator-block-size=2097152"
    "memorysetup-profiler-bucket-allocator-granularity=16"
    "memorysetup-profiler-bucket-allocator-bucket-count=8"
    "memorysetup-profiler-bucket-allocator-block-size=33554432"
    "memorysetup-profiler-bucket-allocator-block-count=8"
    "memorysetup-profiler-allocator-block-size=16777216"
    "memorysetup-profiler-editor-allocator-block-size=1048576"
    "memorysetup-temp-allocator-size-main=16777216"
    "memorysetup-job-temp-allocator-block-size=2097152"
    "memorysetup-job-temp-allocator-block-size-background=1048576"
    "memorysetup-job-temp-allocator-reduction-small-platforms=262144"
    "memorysetup-allocator-temp-initial-block-size-main=262144"
    "memorysetup-allocator-temp-initial-block-size-worker=262144"
    "memorysetup-temp-allocator-size-background-worker=32768"
    "memorysetup-temp-allocator-size-job-worker=262144"
    "memorysetup-temp-allocator-size-preload-manager=33554432"
    "memorysetup-temp-allocator-size-nav-mesh-worker=65536"
    "memorysetup-temp-allocator-size-audio-worker=65536"
    "memorysetup-temp-allocator-size-cloud-worker=32768"
    "memorysetup-temp-allocator-size-gi-baking-worker=262144"
    "memorysetup-temp-allocator-size-gfx=262144"
Player connection [17708] Host "[IP] 192.168.0.198 [Port] 0 [Flags] 2 [Guid] 3830212002 [EditorId] 3830212002 [Version] 1048832 [Id] WindowsEditor(7,DESKTOP-CB8OTIG) [Debug] 1 [PackageName] WindowsEditor [ProjectName] Editor" joined multi-casting on [225.0.0.222:54997]...

Player connection [17708] Host "[IP] 192.168.0.198 [Port] 0 [Flags] 2 [Guid] 3830212002 [EditorId] 3830212002 [Version] 1048832 [Id] WindowsEditor(7,DESKTOP-CB8OTIG) [Debug] 1 [PackageName] WindowsEditor [ProjectName] Editor" joined alternative multi-casting on [225.0.0.222:34997]...

[Physics::Module] Initialized MultithreadedJobDispatcher with 15 workers.
Refreshing native plugins compatible for Editor in 13.72 ms, found 3 plugins.
Preloading 0 native plugins for Editor in 0.00 ms.
Initialize engine version: 2022.3.13f1 (5f90a5ebde0f)
[Subsystems] Discovering subsystems at path C:/Program Files/Unity/Hub/Editor/2022.3.13f1/Editor/Data/Resources/UnitySubsystems
[Subsystems] Discovering subsystems at path C:/temp/iShoot/Assets
GfxDevice: creating device client; threaded=0; jobified=0
Direct3D:
    Version:  Direct3D 11.0 [level 11.1]
    Renderer: NVIDIA GeForce RTX 2070 SUPER (ID=0x1e84)
    Vendor:   NVIDIA
    VRAM:     7989 MB
    Driver:   32.0.15.5585
Initialize mono
Mono path[0] = 'C:/Program Files/Unity/Hub/Editor/2022.3.13f1/Editor/Data/Managed'
Mono path[1] = 'C:/Program Files/Unity/Hub/Editor/2022.3.13f1/Editor/Data/MonoBleedingEdge/lib/mono/unityjit-win32'
Mono config path = 'C:/Program Files/Unity/Hub/Editor/2022.3.13f1/Editor/Data/MonoBleedingEdge/etc'
Using monoOptions --debugger-agent=transport=dt_socket,embedding=1,server=y,suspend=n,address=127.0.0.1:56328
Begin MonoManager ReloadAssembly
Registering precompiled unity dll's ...
Register platform support module: C:/Program Files/Unity/Hub/Editor/2022.3.13f1/Editor/Data/PlaybackEngines/WindowsStandaloneSupport/UnityEditor.WindowsStandalone.Extensions.dll
Registered in 0.014939 seconds.
- Loaded All Assemblies, in  0.510 seconds
Native extension for WindowsStandalone target not found
Mono: successfully reloaded assembly
- Finished resetting the current domain, in  0.356 seconds
Domain Reload Profiling: 862ms
	BeginReloadAssembly (145ms)
		ExecutionOrderSort (0ms)
		DisableScriptedObjects (0ms)
		BackupInstance (0ms)
		ReleaseScriptingObjects (0ms)
		CreateAndSetChildDomain (1ms)
	RebuildCommonClasses (54ms)
	RebuildNativeTypeToScriptingClass (15ms)
	initialDomainReloadingComplete (85ms)
	LoadAllAssembliesAndSetupDomain (207ms)
		LoadAssemblies (140ms)
		RebuildTransferFunctionScriptingTraits (0ms)
		AnalyzeDomain (205ms)
			TypeCache.Refresh (202ms)
				TypeCache.ScanAssembly (184ms)
			ScanForSourceGeneratedMonoScriptInfo (1ms)
			ResolveRequiredComponents (1ms)
	FinalizeReload (356ms)
		ReleaseScriptCaches (0ms)
		RebuildScriptCaches (0ms)
		SetupLoadedEditorAssemblies (267ms)
			LogAssemblyErrors (0ms)
			InitializePlatformSupportModulesInManaged (15ms)
			SetLoadedEditorAssemblies (10ms)
			RefreshPlugins (0ms)
			BeforeProcessingInitializeOnLoad (3ms)
			ProcessInitializeOnLoadAttributes (173ms)
			ProcessInitializeOnLoadMethodAttributes (67ms)
			AfterProcessingInitializeOnLoad (0ms)
			EditorAssembliesLoaded (0ms)
		ExecutionOrderSort2 (0ms)
		AwakeInstancesAfterBackupRestoration (0ms)
========================================================================
Worker process is ready to serve import requests
Begin MonoManager ReloadAssembly
- Loaded All Assemblies, in  0.897 seconds
Refreshing native plugins compatible for Editor in 5.70 ms, found 3 plugins.
Native extension for WindowsStandalone target not found
Package Manager log level set to [2]
[Package Manager] Server::EnsureServerProcessIsRunning -- launch failed, reason: Unity was launched with the -noUpm command-line argument
[Package Manager] UpmClient::Send -- Unable to send message (not connected to UPM process).
[Package Manager] Cannot connect to Unity Package Manager local server
Mono: successfully reloaded assembly
- Finished resetting the current domain, in  0.776 seconds
Domain Reload Profiling: 1668ms
	BeginReloadAssembly (200ms)
		ExecutionOrderSort (0ms)
		DisableScriptedObjects (7ms)
		BackupInstance (0ms)
		ReleaseScriptingObjects (0ms)
		CreateAndSetChildDomain (34ms)
	RebuildCommonClasses (39ms)
	RebuildNativeTypeToScriptingClass (15ms)
	initialDomainReloadingComplete (59ms)
	LoadAllAssembliesAndSetupDomain (580ms)
		LoadAssemblies (403ms)
		RebuildTransferFunctionScriptingTraits (0ms)
		AnalyzeDomain (285ms)
			TypeCache.Refresh (252ms)
				TypeCache.ScanAssembly (224ms)
			ScanForSourceGeneratedMonoScriptInfo (25ms)
			ResolveRequiredComponents (5ms)
	FinalizeReload (777ms)
		ReleaseScriptCaches (0ms)
		RebuildScriptCaches (0ms)
		SetupLoadedEditorAssemblies (574ms)
			LogAssemblyErrors (0ms)
			InitializePlatformSupportModulesInManaged (10ms)
			SetLoadedEditorAssemblies (4ms)
			RefreshPlugins (0ms)
			BeforeProcessingInitializeOnLoad (85ms)
			ProcessInitializeOnLoadAttributes (432ms)
			ProcessInitializeOnLoadMethodAttributes (26ms)
			AfterProcessingInitializeOnLoad (16ms)
			EditorAssembliesLoaded (0ms)
		ExecutionOrderSort2 (0ms)
		AwakeInstancesAfterBackupRestoration (13ms)
Launched and connected shader compiler UnityShaderCompiler.exe after 0.07 seconds
Refreshing native plugins compatible for Editor in 5.22 ms, found 3 plugins.
Preloading 0 native plugins for Editor in 0.00 ms.
Unloading 3722 Unused Serialized files (Serialized files now loaded: 0)
Unloading 51 unused Assets / (177.4 KB). Loaded Objects now: 4185.
Memory consumption went from 148.1 MB to 147.9 MB.
Total: 4.469000 ms (FindLiveObjects: 0.443300 ms CreateObjectMapping: 0.095800 ms MarkObjects: 3.680600 ms  DeleteObjects: 0.247700 ms)

AssetImportParameters requested are different than current active one (requested -> active):
  custom:container-demuxer-ogg: 62fdf1f143b41e24485cea50d1cbac27 -> 
  custom:video-decoder-ogg-theora: a1e56fd34408186e4bbccfd4996cb3dc -> 
  custom:framework-win-MediaFoundation: 216162199b28c13a410421893ffa2e32 -> 
  custom:container-demuxer-webm: 4f35f7cbe854078d1ac9338744f61a02 -> 
  custom:container-muxer-webm: aa71ff27fc2769a1b78a27578f13a17b -> 
  custom:video-decoder-webm-vp8: 9c59270c3fd7afecdb556c50c9e8de78 -> 
  custom:AudioImporter_EditorPlatform: d09bf68614088b80899f8185d706f6e7 -> 
  custom:video-encoder-webm-vp8: eb34c28f22e8b96e1ab97ce403110664 -> 
  custom:audio-decoder-ogg-vorbis: bf7c407c2cedff20999df2af8eb42d56 -> 
  custom:audio-encoder-webm-vorbis: bf7c407c2cedff20999df2af8eb42d56 -> 
========================================================================
Received Import Request.
  Time since last request: 506521.973181 seconds.
  path: Assets/GLASSOFCOINS - FPS low poly fps/sniper rifle 2/sniper rifle 2.fbx
  artifactKey: Guid(3083a36aaa5642f468195b299e70b38e) Importer(2089858483,0ecaa5967403d082aa24f35e1b516d23)
Start importing Assets/GLASSOFCOINS - FPS low poly fps/sniper rifle 2/sniper rifle 2.fbx using Guid(3083a36aaa5642f468195b299e70b38e) Importer(2089858483,0ecaa5967403d082aa24f35e1b516d23) Generated GUIDs only implemented for interfaces!
 -> (artifact id: 'ce2f84a99833dffd838fa9e47e8ad7b8') in 0.241957 seconds
Number of updated asset objects reloaded before import = 0
Number of asset objects unloaded after import = 146
========================================================================
Received Import Request.
  Time since last request: 0.000039 seconds.
  path: Assets/TextMesh Pro/Shaders/TMP_Bitmap-Custom-Atlas.shader
  artifactKey: Guid(48bb5f55d8670e349b6e614913f9d910) Importer(2089858483,0ecaa5967403d082aa24f35e1b516d23)
Start importing Assets/TextMesh Pro/Shaders/TMP_Bitmap-Custom-Atlas.shader using Guid(48bb5f55d8670e349b6e614913f9d910) Importer(2089858483,0ecaa5967403d082aa24f35e1b516d23) Generated GUIDs only implemented for interfaces!
 -> (artifact id: '139c506b8338ed949440e637748dfa85') in 0.030872 seconds
Number of updated asset objects reloaded before import = 0
Number of asset objects unloaded after import = 1
========================================================================
Received Import Request.
  Time since last request: 0.000028 seconds.
  path: Assets/crosshair008.png
  artifactKey: Guid(c7eb8c45299775d4d9e7fb67a9c806c9) Importer(2089858483,0ecaa5967403d082aa24f35e1b516d23)
Start importing Assets/crosshair008.png using Guid(c7eb8c45299775d4d9e7fb67a9c806c9) Importer(2089858483,0ecaa5967403d082aa24f35e1b516d23) Generated GUIDs only implemented for interfaces!
 -> (artifact id: 'e28e1959d9604819d2e38ba767fe9adf') in 0.095433 seconds
Number of updated asset objects reloaded before import = 0
Number of asset objects unloaded after import = 3
========================================================================
Received Import Request.
  Time since last request: 0.000023 seconds.
  path: Assets/GLASSOFCOINS - FPS low poly fps/ar2(automatic rifle)/ar2(automatic rifle)_anim/ar2(automatic rifle)_hands_ReloadNoAmmo_ar2(automatic rifle).anim
  artifactKey: Guid(6b8d8b06be52e734a80c4b44b57d2f72) Importer(2089858483,0ecaa5967403d082aa24f35e1b516d23)
Start importing Assets/GLASSOFCOINS - FPS low poly fps/ar2(automatic rifle)/ar2(automatic rifle)_anim/ar2(automatic rifle)_hands_ReloadNoAmmo_ar2(automatic rifle).anim using Guid(6b8d8b06be52e734a80c4b44b57d2f72) Importer(2089858483,0ecaa5967403d082aa24f35e1b516d23) Generated GUIDs only implemented for interfaces!
 -> (artifact id: 'f25b0f9f8d59800f946be5524ca5557b') in 0.031136 seconds
Number of updated asset objects reloaded before import = 0
Number of asset objects unloaded after import = 1
========================================================================
Received Import Request.
  Time since last request: 0.000026 seconds.
  path: Assets/GLASSOFCOINS - FPS low poly fps/ar2(automatic rifle)/ar2(automatic rifle)_anim/ar2(automatic rifle)_hands_AimWalk_ar2(automatic rifle).anim
  artifactKey: Guid(0b6f80c749ad2d544bd30cba574bc859) Importer(2089858483,0ecaa5967403d082aa24f35e1b516d23)
Start importing Assets/GLASSOFCOINS - FPS low poly fps/ar2(automatic rifle)/ar2(automatic rifle)_anim/ar2(automatic rifle)_hands_AimWalk_ar2(automatic rifle).anim using Guid(0b6f80c749ad2d544bd30cba574bc859) Importer(2089858483,0ecaa5967403d082aa24f35e1b516d23) Generated GUIDs only implemented for interfaces!
 -> (artifact id: 'e8261e72176c114c4b692f56e8e54fd3') in 0.031230 seconds
Number of updated asset objects reloaded before import = 0
Number of asset objects unloaded after import = 1
========================================================================
Received Import Request.
  Time since last request: 0.000026 seconds.
  path: Assets/GLASSOFCOINS - FPS low poly fps/pistol1/pistol1_anim/pistol1_hands_AimIdle_pistol1.anim
  artifactKey: Guid(d59b1749c28a2584681c96403f25b739) Importer(2089858483,0ecaa5967403d082aa24f35e1b516d23)
Start importing Assets/GLASSOFCOINS - FPS low poly fps/pistol1/pistol1_anim/pistol1_hands_AimIdle_pistol1.anim using Guid(d59b1749c28a2584681c96403f25b739) Importer(2089858483,0ecaa5967403d082aa24f35e1b516d23) Generated GUIDs only implemented for interfaces!
 -> (artifact id: 'b12927dd62cc09f4d3abce78962bf41e') in 0.030036 seconds
Number of updated asset objects reloaded before import = 0
Number of asset objects unloaded after import = 1
========================================================================
Received Import Request.
  Time since last request: 0.000029 seconds.
  path: Assets/GLASSOFCOINS - FPS low poly fps/pistol1/pistol1_anim/pistol1_hands_Idle_pistol1.anim
  artifactKey: Guid(6f3370f59e5f1f04d9ad0c4860452d41) Importer(2089858483,0ecaa5967403d082aa24f35e1b516d23)
Start importing Assets/GLASSOFCOINS - FPS low poly fps/pistol1/pistol1_anim/pistol1_hands_Idle_pistol1.anim using Guid(6f3370f59e5f1f04d9ad0c4860452d41) Importer(2089858483,0ecaa5967403d082aa24f35e1b516d23) Generated GUIDs only implemented for interfaces!
 -> (artifact id: '0fbc14876cc12eebeeb72b28bac1698c') in 0.022410 seconds
Number of updated asset objects reloaded before import = 0
Number of asset objects unloaded after import = 1
========================================================================
Received Import Request.
  Time since last request: 0.000040 seconds.
  path: Assets/GLASSOFCOINS - FPS low poly fps/throwables/Flashbang_prefab.prefab
  artifactKey: Guid(aaad480dc82c6374cb92247eb9f22c48) Importer(2089858483,0ecaa5967403d082aa24f35e1b516d23)
Start importing Assets/GLASSOFCOINS - FPS low poly fps/throwables/Flashbang_prefab.prefab using Guid(aaad480dc82c6374cb92247eb9f22c48) Importer(2089858483,0ecaa5967403d082aa24f35e1b516d23) Generated GUIDs only implemented for interfaces!
 -> (artifact id: '0a7bc7f758a34ba86349a35fbf838a9d') in 0.021859 seconds
Number of updated asset objects reloaded before import = 0
Number of asset objects unloaded after import = 7
========================================================================
Received Import Request.
  Time since last request: 0.000023 seconds.
  path: Assets/GLASSOFCOINS - FPS low poly fps/bullets/bullets.fbx
  artifactKey: Guid(103b89bf599bf4844990447bba2b460f) Importer(2089858483,0ecaa5967403d082aa24f35e1b516d23)
Start importing Assets/GLASSOFCOINS - FPS low poly fps/bullets/bullets.fbx using Guid(103b89bf599bf4844990447bba2b460f) Importer(2089858483,0ecaa5967403d082aa24f35e1b516d23) Generated GUIDs only implemented for interfaces!
 -> (artifact id: 'f2092a0ca0f6d3dbf518d3d860b23de1') in 0.032295 seconds
Number of updated asset objects reloaded before import = 0
Number of asset objects unloaded after import = 16
========================================================================
Received Import Request.
  Time since last request: 0.000023 seconds.
  path: Assets/Scripts/WallRun.cs
  artifactKey: Guid(ce2b7e7b128713545b66c2b1bfe1bfdc) Importer(2089858483,0ecaa5967403d082aa24f35e1b516d23)
Start importing Assets/Scripts/WallRun.cs using Guid(ce2b7e7b128713545b66c2b1bfe1bfdc) Importer(2089858483,0ecaa5967403d082aa24f35e1b516d23) Generated GUIDs only implemented for interfaces!
 -> (artifact id: '0cebfb3a7b611620cc510d486421f84f') in 0.013633 seconds
Number of updated asset objects reloaded before import = 0
Number of asset objects unloaded after import = 1
========================================================================
Received Import Request.
  Time since last request: 0.000040 seconds.
  path: Assets/RenderTexture.renderTexture
  artifactKey: Guid(0ffa38bbbf8ae0745bf0f7fdc244c681) Importer(2089858483,0ecaa5967403d082aa24f35e1b516d23)
Start importing Assets/RenderTexture.renderTexture using Guid(0ffa38bbbf8ae0745bf0f7fdc244c681) Importer(2089858483,0ecaa5967403d082aa24f35e1b516d23) Generated GUIDs only implemented for interfaces!
 -> (artifact id: 'e05a0c84ae6f8e3406fd8425d103c4e6') in 0.021633 seconds
Number of updated asset objects reloaded before import = 0
Number of asset objects unloaded after import = 1
========================================================================
Received Import Request.
  Time since last request: 0.000020 seconds.
  path: Assets/GLASSOFCOINS - FPS low poly fps/pistol2/pistol2_anim/pistol2_hands_AimIdle_pistol2.anim
  artifactKey: Guid(6cbd7003d475a98409558b4263af16b8) Importer(2089858483,0ecaa5967403d082aa24f35e1b516d23)
Start importing Assets/GLASSOFCOINS - FPS low poly fps/pistol2/pistol2_anim/pistol2_hands_AimIdle_pistol2.anim using Guid(6cbd7003d475a98409558b4263af16b8) Importer(2089858483,0ecaa5967403d082aa24f35e1b516d23) Generated GUIDs only implemented for interfaces!
 -> (artifact id: '09a11a6f6cf633dea17e9d5da0bac1fd') in 0.020163 seconds
Number of updated asset objects reloaded before import = 0
Number of asset objects unloaded after import = 1
========================================================================
Received Import Request.
  Time since last request: 0.000021 seconds.
  path: Assets/Scripts/LevelReset.cs
  artifactKey: Guid(edfb20918bfbb66498ffb4cd1bdb0f3b) Importer(2089858483,0ecaa5967403d082aa24f35e1b516d23)
Start importing Assets/Scripts/LevelReset.cs using Guid(edfb20918bfbb66498ffb4cd1bdb0f3b) Importer(2089858483,0ecaa5967403d082aa24f35e1b516d23) Generated GUIDs only implemented for interfaces!
 -> (artifact id: '6f5077a2889d42c61227941dd626adc8') in 0.015208 seconds
Number of updated asset objects reloaded before import = 0
Number of asset objects unloaded after import = 1
========================================================================
Received Import Request.
  Time since last request: 0.000025 seconds.
  path: Assets/GLASSOFCOINS - FPS low poly fps/pistol1/pistol1_anim/pistol1_hands_Reload_pistol1.anim
  artifactKey: Guid(4d32f8962f8977f4294f7ba5d444ee4c) Importer(2089858483,0ecaa5967403d082aa24f35e1b516d23)
Start importing Assets/GLASSOFCOINS - FPS low poly fps/pistol1/pistol1_anim/pistol1_hands_Reload_pistol1.anim using Guid(4d32f8962f8977f4294f7ba5d444ee4c) Importer(2089858483,0ecaa5967403d082aa24f35e1b516d23) Generated GUIDs only implemented for interfaces!
 -> (artifact id: '8475e0dc0a3ef606b035469d5849c326') in 0.022327 seconds
Number of updated asset objects reloaded before import = 0
Number of asset objects unloaded after import = 1
========================================================================
Received Import Request.
  Time since last request: 0.000021 seconds.
  path: Assets/TextMesh Pro/Fonts/LiberationSans.ttf
  artifactKey: Guid(e3265ab4bf004d28a9537516768c1c75) Importer(2089858483,0ecaa5967403d082aa24f35e1b516d23)
Start importing Assets/TextMesh Pro/Fonts/LiberationSans.ttf using Guid(e3265ab4bf004d28a9537516768c1c75) Importer(2089858483,0ecaa5967403d082aa24f35e1b516d23) Generated GUIDs only implemented for interfaces!
 -> (artifact id: 'd5dc222b7745731333e1bbf4b7c2ddba') in 0.027794 seconds
Number of updated asset objects reloaded before import = 0
Number of asset objects unloaded after import = 3
========================================================================
Received Import Request.
  Time since last request: 0.000022 seconds.
  path: Assets/Scripts/PlayerHealth.cs
  artifactKey: Guid(f8f5e595a0dbed7428625d2183c02ce1) Importer(2089858483,0ecaa5967403d082aa24f35e1b516d23)
Start importing Assets/Scripts/PlayerHealth.cs using Guid(f8f5e595a0dbed7428625d2183c02ce1) Importer(2089858483,0ecaa5967403d082aa24f35e1b516d23) Generated GUIDs only implemented for interfaces!
 -> (artifact id: '865f55cf38f82f7ef8d41e2ae0e9d6ff') in 0.013974 seconds
Number of updated asset objects reloaded before import = 0
Number of asset objects unloaded after import = 1
========================================================================
Received Import Request.
  Time since last request: 0.000160 seconds.
  path: Assets/GLASSOFCOINS - FPS low poly fps/pistol1/pistol1_anim/pistol1_hands_Aim_pistol1.anim
  artifactKey: Guid(2cc098922a7d3d24da599995cbeb1569) Importer(2089858483,0ecaa5967403d082aa24f35e1b516d23)
Start importing Assets/GLASSOFCOINS - FPS low poly fps/pistol1/pistol1_anim/pistol1_hands_Aim_pistol1.anim using Guid(2cc098922a7d3d24da599995cbeb1569) Importer(2089858483,0ecaa5967403d082aa24f35e1b516d23) Generated GUIDs only implemented for interfaces!
 -> (artifact id: '6d974110066e4ce2af9c29675a37e323') in 0.021321 seconds
Number of updated asset objects reloaded before import = 0
Number of asset objects unloaded after import = 1
========================================================================
Received Import Request.
  Time since last request: 0.000032 seconds.
  path: Assets/TextMesh Pro/Resources/TMP Settings.asset
  artifactKey: Guid(3f5b5dff67a942289a9defa416b206f3) Importer(2089858483,0ecaa5967403d082aa24f35e1b516d23)
Start importing Assets/TextMesh Pro/Resources/TMP Settings.asset using Guid(3f5b5dff67a942289a9defa416b206f3) Importer(2089858483,0ecaa5967403d082aa24f35e1b516d23) Generated GUIDs only implemented for interfaces!
 -> (artifact id: 'ff86c539ef65e02688e8bfc5565c2b1f') in 0.078732 seconds
Number of updated asset objects reloaded before import = 0
Number of asset objects unloaded after import = 14
========================================================================
Received Import Request.
  Time since last request: 0.000028 seconds.
  path: Assets/Scripts/PlayerCamera.cs
  artifactKey: Guid(2651bcace9fc0f642a8c85f0acb8668e) Importer(2089858483,0ecaa5967403d082aa24f35e1b516d23)
Start importing Assets/Scripts/PlayerCamera.cs using Guid(2651bcace9fc0f642a8c85f0acb8668e) Importer(2089858483,0ecaa5967403d082aa24f35e1b516d23) Generated GUIDs only implemented for interfaces!
 -> (artifact id: 'ac5bb83aab2b26e80af43932a9bc4c20') in 0.014267 seconds
Number of updated asset objects reloaded before import = 0
Number of asset objects unloaded after import = 1
========================================================================
Received Import Request.
  Time since last request: 0.000029 seconds.
  path: Assets/GLASSOFCOINS - FPS low poly fps/pistol1/pistol1_anim/pistol1_hands_Run_pistol1.anim
  artifactKey: Guid(2fc06b62d290d9d47acf14949751faea) Importer(2089858483,0ecaa5967403d082aa24f35e1b516d23)
Start importing Assets/GLASSOFCOINS - FPS low poly fps/pistol1/pistol1_anim/pistol1_hands_Run_pistol1.anim using Guid(2fc06b62d290d9d47acf14949751faea) Importer(2089858483,0ecaa5967403d082aa24f35e1b516d23) Generated GUIDs only implemented for interfaces!
 -> (artifact id: '16e9ef4adba213aaeb7090d965569563') in 0.022013 seconds
Number of updated asset objects reloaded before import = 0
Number of asset objects unloaded after import = 1
========================================================================
Received Import Request.
  Time since last request: 0.000015 seconds.
  path: Assets/GLASSOFCOINS - FPS low poly fps/ar2(automatic rifle)/ar2(automatic rifle)_anim/ar2(automatic rifle)_hands_Idle_ar2(automatic rifle).anim
  artifactKey: Guid(1c48ab15edb621640ab15c9482ea0421) Importer(2089858483,0ecaa5967403d082aa24f35e1b516d23)
Start importing Assets/GLASSOFCOINS - FPS low poly fps/ar2(automatic rifle)/ar2(automatic rifle)_anim/ar2(automatic rifle)_hands_Idle_ar2(automatic rifle).anim using Guid(1c48ab15edb621640ab15c9482ea0421) Importer(2089858483,0ecaa5967403d082aa24f35e1b516d23) Generated GUIDs only implemented for interfaces!
 -> (artifact id: 'b809021f3400e9a00e751d3ebe763386') in 0.019593 seconds
Number of updated asset objects reloaded before import = 0
Number of asset objects unloaded after import = 1
========================================================================
Received Import Request.
  Time since last request: 0.000019 seconds.
  path: Assets/GLASSOFCOINS - FPS low poly fps/shotgun1/shotgun1_anim/shotgun1_hands_Fire_shotgun1.anim
  artifactKey: Guid(7597c9544d943dc459ad7616cd1404d7) Importer(2089858483,0ecaa5967403d082aa24f35e1b516d23)
Start importing Assets/GLASSOFCOINS - FPS low poly fps/shotgun1/shotgun1_anim/shotgun1_hands_Fire_shotgun1.anim using Guid(7597c9544d943dc459ad7616cd1404d7) Importer(2089858483,0ecaa5967403d082aa24f35e1b516d23) Generated GUIDs only implemented for interfaces!
 -> (artifact id: 'a9a3efd47ec99ec13a030cf435fb2a5b') in 0.019840 seconds
Number of updated asset objects reloaded before import = 0
Number of asset objects unloaded after import = 1
========================================================================
Received Import Request.
  Time since last request: 0.000019 seconds.
  path: Assets/GLASSOFCOINS - FPS low poly fps/smg2(sub-machine gun)/smg2(sub-machine gun)_anim/smg2(sub-machine gun)_hands_Fire_smg2(sub-machine gun).anim
  artifactKey: Guid(5be0ab1745e1fb547a4bd2b4e710b7b3) Importer(2089858483,0ecaa5967403d082aa24f35e1b516d23)
Start importing Assets/GLASSOFCOINS - FPS low poly fps/smg2(sub-machine gun)/smg2(sub-machine gun)_anim/smg2(sub-machine gun)_hands_Fire_smg2(sub-machine gun).anim using Guid(5be0ab1745e1fb547a4bd2b4e710b7b3) Importer(2089858483,0ecaa5967403d082aa24f35e1b516d23) Generated GUIDs only implemented for interfaces!
 -> (artifact id: '966bc621098400034df03d13a617cbf5') in 0.021898 seconds
Number of updated asset objects reloaded before import = 0
Number of asset objects unloaded after import = 1
========================================================================
Received Import Request.
  Time since last request: 0.000025 seconds.
  path: Assets/GLASSOFCOINS - FPS low poly fps/shotgun2/shotgun2_anim/shotgun2_hands_AimShoot_shotgun2.anim
  artifactKey: Guid(22f23cdb29e4fe7458947678ee16d708) Importer(2089858483,0ecaa5967403d082aa24f35e1b516d23)
Start importing Assets/GLASSOFCOINS - FPS low poly fps/shotgun2/shotgun2_anim/shotgun2_hands_AimShoot_shotgun2.anim using Guid(22f23cdb29e4fe7458947678ee16d708) Importer(2089858483,0ecaa5967403d082aa24f35e1b516d23) Generated GUIDs only implemented for interfaces!
 -> (artifact id: '1da205641fc4ad5f4077d835e87a05ca') in 0.024409 seconds
Number of updated asset objects reloaded before import = 0
Number of asset objects unloaded after import = 1
========================================================================
Received Import Request.
  Time since last request: 0.000074 seconds.
  path: Assets/GLASSOFCOINS - FPS low poly fps/sniper rifle 1/sniper rifle 1_anim/sniper rifle 1_hands_Idle_sniper rifle 1.anim
  artifactKey: Guid(d3d98270d0dd263408d9709d7cc9442f) Importer(2089858483,0ecaa5967403d082aa24f35e1b516d23)
Start importing Assets/GLASSOFCOINS - FPS low poly fps/sniper rifle 1/sniper rifle 1_anim/sniper rifle 1_hands_Idle_sniper rifle 1.anim using Guid(d3d98270d0dd263408d9709d7cc9442f) Importer(2089858483,0ecaa5967403d082aa24f35e1b516d23) Generated GUIDs only implemented for interfaces!
 -> (artifact id: '80714fa44a0ea6f85cbbd791266f2842') in 0.020049 seconds
Number of updated asset objects reloaded before import = 0
Number of asset objects unloaded after import = 1
========================================================================
Received Import Request.
  Time since last request: 0.000030 seconds.
  path: Assets/GLASSOFCOINS - FPS low poly fps/shotgun1/shotgun1_anim/shotgun1_hands_AimIdle_shotgun1.anim
  artifactKey: Guid(9cc837463416b254b851b76330c8c748) Importer(2089858483,0ecaa5967403d082aa24f35e1b516d23)
Start importing Assets/GLASSOFCOINS - FPS low poly fps/shotgun1/shotgun1_anim/shotgun1_hands_AimIdle_shotgun1.anim using Guid(9cc837463416b254b851b76330c8c748) Importer(2089858483,0ecaa5967403d082aa24f35e1b516d23) Generated GUIDs only implemented for interfaces!
 -> (artifact id: '51fc9c828edf92652d5b2d4668ad6c4c') in 0.021546 seconds
Number of updated asset objects reloaded before import = 0
Number of asset objects unloaded after import = 1
========================================================================
Received Import Request.
  Time since last request: 0.000015 seconds.
  path: Assets/GLASSOFCOINS - FPS low poly fps/pistol2/pistol2_anim/pistol2_hands_Fire_pistol2.anim
  artifactKey: Guid(61c0b3b29655e5f458da3a21eab5ab04) Importer(2089858483,0ecaa5967403d082aa24f35e1b516d23)
Start importing Assets/GLASSOFCOINS - FPS low poly fps/pistol2/pistol2_anim/pistol2_hands_Fire_pistol2.anim using Guid(61c0b3b29655e5f458da3a21eab5ab04) Importer(2089858483,0ecaa5967403d082aa24f35e1b516d23) Generated GUIDs only implemented for interfaces!
 -> (artifact id: 'b05f46fa121876e858a523c2f510aab3') in 0.021442 seconds
Number of updated asset objects reloaded before import = 0
Number of asset objects unloaded after import = 1
========================================================================
Received Import Request.
  Time since last request: 0.000021 seconds.
  path: Assets/GLASSOFCOINS - FPS low poly fps/smg2(sub-machine gun)/smg2(sub-machine gun)_anim/smg2(sub-machine gun)_hands_draw_smg2(sub-machine gun).anim
  artifactKey: Guid(fcd0a2f5f7cde9b46ae85f2271c8674f) Importer(2089858483,0ecaa5967403d082aa24f35e1b516d23)
Start importing Assets/GLASSOFCOINS - FPS low poly fps/smg2(sub-machine gun)/smg2(sub-machine gun)_anim/smg2(sub-machine gun)_hands_draw_smg2(sub-machine gun).anim using Guid(fcd0a2f5f7cde9b46ae85f2271c8674f) Importer(2089858483,0ecaa5967403d082aa24f35e1b516d23) Generated GUIDs only implemented for interfaces!
 -> (artifact id: '76347cfa714daa1a8651ea497f341871') in 0.021895 seconds
Number of updated asset objects reloaded before import = 0
Number of asset objects unloaded after import = 1
========================================================================
Received Import Request.
  Time since last request: 0.000025 seconds.
  path: Assets/GLASSOFCOINS - FPS low poly fps/smg2(sub-machine gun)/smg2(sub-machine gun)_anim/smg2(sub-machine gun)_hands_Run_smg2(sub-machine gun).anim
  artifactKey: Guid(2863795fc8d49c448894f026d68ab7b2) Importer(2089858483,0ecaa5967403d082aa24f35e1b516d23)
Start importing Assets/GLASSOFCOINS - FPS low poly fps/smg2(sub-machine gun)/smg2(sub-machine gun)_anim/smg2(sub-machine gun)_hands_Run_smg2(sub-machine gun).anim using Guid(2863795fc8d49c448894f026d68ab7b2) Importer(2089858483,0ecaa5967403d082aa24f35e1b516d23) Generated GUIDs only implemented for interfaces!
 -> (artifact id: '74dda6cf34d09cbc87b239caec009b34') in 0.020348 seconds
Number of updated asset objects reloaded before import = 0
Number of asset objects unloaded after import = 1
========================================================================
Received Import Request.
  Time since last request: 0.000034 seconds.
  path: Assets/GLASSOFCOINS - FPS low poly fps/smg1(sub-machine gun)/smg1(sub-machine gun)_anim/smg1(sub-machine gun)_hands_draw_smg1(sub-machine gun).anim
  artifactKey: Guid(94aa4f2fbf6289949a4793c61ad9397f) Importer(2089858483,0ecaa5967403d082aa24f35e1b516d23)
Start importing Assets/GLASSOFCOINS - FPS low poly fps/smg1(sub-machine gun)/smg1(sub-machine gun)_anim/smg1(sub-machine gun)_hands_draw_smg1(sub-machine gun).anim using Guid(94aa4f2fbf6289949a4793c61ad9397f) Importer(2089858483,0ecaa5967403d082aa24f35e1b516d23) Generated GUIDs only implemented for interfaces!
 -> (artifact id: '741f11525c6e718800dd6a250ae552bc') in 0.022320 seconds
Number of updated asset objects reloaded before import = 0
Number of asset objects unloaded after import = 1
========================================================================
Received Import Request.
  Time since last request: 0.000018 seconds.
  path: Assets/GLASSOFCOINS - FPS low poly fps/shotgun2/shotgun2_prefab/shotgun2_prefab.prefab
  artifactKey: Guid(2c2b686b68aae984d8e2e6761f2d2516) Importer(2089858483,0ecaa5967403d082aa24f35e1b516d23)
Start importing Assets/GLASSOFCOINS - FPS low poly fps/shotgun2/shotgun2_prefab/shotgun2_prefab.prefab using Guid(2c2b686b68aae984d8e2e6761f2d2516) Importer(2089858483,0ecaa5967403d082aa24f35e1b516d23) Generated GUIDs only implemented for interfaces!
 -> (artifact id: '2815371b35ba8e6ec55a8ab023dd15ae') in 0.013580 seconds
Number of updated asset objects reloaded before import = 0
Number of asset objects unloaded after import = 136
========================================================================
Received Import Request.
  Time since last request: 0.000019 seconds.
  path: Assets/GLASSOFCOINS - FPS low poly fps/shotgun1/shotgun1_anim/shotgun1_hands_Run_shotgun1.anim
  artifactKey: Guid(c45cee945dce2d140be512733a5778fc) Importer(2089858483,0ecaa5967403d082aa24f35e1b516d23)
Start importing Assets/GLASSOFCOINS - FPS low poly fps/shotgun1/shotgun1_anim/shotgun1_hands_Run_shotgun1.anim using Guid(c45cee945dce2d140be512733a5778fc) Importer(2089858483,0ecaa5967403d082aa24f35e1b516d23) Generated GUIDs only implemented for interfaces!
 -> (artifact id: 'ee57be3bf89edbc16a1231dc6281993f') in 0.020891 seconds
Number of updated asset objects reloaded before import = 0
Number of asset objects unloaded after import = 1
========================================================================
Received Import Request.
  Time since last request: 0.000022 seconds.
  path: Assets/GLASSOFCOINS - FPS low poly fps/ar2(automatic rifle)/ar2(automatic rifle)_anim/ar2(automatic rifle)_hands_Fire_ar2(automatic rifle).anim
  artifactKey: Guid(0df04358137a215409de912378420dcf) Importer(2089858483,0ecaa5967403d082aa24f35e1b516d23)
Start importing Assets/GLASSOFCOINS - FPS low poly fps/ar2(automatic rifle)/ar2(automatic rifle)_anim/ar2(automatic rifle)_hands_Fire_ar2(automatic rifle).anim using Guid(0df04358137a215409de912378420dcf) Importer(2089858483,0ecaa5967403d082aa24f35e1b516d23) Generated GUIDs only implemented for interfaces!
 -> (artifact id: 'be1a7ab70508a1dc009004991012e623') in 0.023167 seconds
Number of updated asset objects reloaded before import = 0
Number of asset objects unloaded after import = 1
========================================================================
Received Import Request.
  Time since last request: 0.000022 seconds.
  path: Assets/GLASSOFCOINS - FPS low poly fps/pistol2/pistol2_anim/pistol2_hands_Idle_pistol2.anim
  artifactKey: Guid(16705561268a83b4abce2b99e9e16ef4) Importer(2089858483,0ecaa5967403d082aa24f35e1b516d23)
Start importing Assets/GLASSOFCOINS - FPS low poly fps/pistol2/pistol2_anim/pistol2_hands_Idle_pistol2.anim using Guid(16705561268a83b4abce2b99e9e16ef4) Importer(2089858483,0ecaa5967403d082aa24f35e1b516d23) Generated GUIDs only implemented for interfaces!
 -> (artifact id: 'e933b5867851fc6aeba2bdf7f9f4df7b') in 0.020340 seconds
Number of updated asset objects reloaded before import = 0
Number of asset objects unloaded after import = 1
========================================================================
Received Import Request.
  Time since last request: 0.000020 seconds.
  path: Assets/GLASSOFCOINS - FPS low poly fps/throwables/Frag_Granade_prefab.prefab
  artifactKey: Guid(21dee39e8518c7044bf197ce0d114c2c) Importer(2089858483,0ecaa5967403d082aa24f35e1b516d23)
Start importing Assets/GLASSOFCOINS - FPS low poly fps/throwables/Frag_Granade_prefab.prefab using Guid(21dee39e8518c7044bf197ce0d114c2c) Importer(2089858483,0ecaa5967403d082aa24f35e1b516d23) Generated GUIDs only implemented for interfaces!
 -> (artifact id: 'cb8c6b23c05577dce0abee897a1ca949') in 0.017845 seconds
Number of updated asset objects reloaded before import = 0
Number of asset objects unloaded after import = 7
========================================================================
Received Import Request.
  Time since last request: 0.000026 seconds.
  path: Assets/GLASSOFCOINS - FPS low poly fps/pistol2/pistol2_anim/pistol2_hands_draw_pistol2.anim
  artifactKey: Guid(5681f34afb5e0944c99f004a41ae549e) Importer(2089858483,0ecaa5967403d082aa24f35e1b516d23)
Start importing Assets/GLASSOFCOINS - FPS low poly fps/pistol2/pistol2_anim/pistol2_hands_draw_pistol2.anim using Guid(5681f34afb5e0944c99f004a41ae549e) Importer(2089858483,0ecaa5967403d082aa24f35e1b516d23) Generated GUIDs only implemented for interfaces!
 -> (artifact id: '2d19a57ec9f2b2c7b01afe6033c2204f') in 0.021020 seconds
Number of updated asset objects reloaded before import = 0
Number of asset objects unloaded after import = 1
========================================================================
Received Import Request.
  Time since last request: 0.000017 seconds.
  path: Assets/GLASSOFCOINS - FPS low poly fps/attachements/attachments.fbx
  artifactKey: Guid(ee6161c90d596ab468564bc3167be7a6) Importer(2089858483,0ecaa5967403d082aa24f35e1b516d23)
Start importing Assets/GLASSOFCOINS - FPS low poly fps/attachements/attachments.fbx using Guid(ee6161c90d596ab468564bc3167be7a6) Importer(2089858483,0ecaa5967403d082aa24f35e1b516d23) Generated GUIDs only implemented for interfaces!
 -> (artifact id: '72925e00243ceaed723a71730630a86a') in 0.028994 seconds
Number of updated asset objects reloaded before import = 0
Number of asset objects unloaded after import = 26
========================================================================
Received Import Request.
  Time since last request: 0.000022 seconds.
  path: Assets/GLASSOFCOINS - FPS low poly fps/shotgun1/shotgun1_anim/shotgun1_hands_ReloadNoAmmo_shotgun1.anim
  artifactKey: Guid(25b48938826eb1e44b4ffc163c65fcb2) Importer(2089858483,0ecaa5967403d082aa24f35e1b516d23)
Start importing Assets/GLASSOFCOINS - FPS low poly fps/shotgun1/shotgun1_anim/shotgun1_hands_ReloadNoAmmo_shotgun1.anim using Guid(25b48938826eb1e44b4ffc163c65fcb2) Importer(2089858483,0ecaa5967403d082aa24f35e1b516d23) Generated GUIDs only implemented for interfaces!
 -> (artifact id: '070eef8d736557c18a039bb57934c659') in 0.020369 seconds
Number of updated asset objects reloaded before import = 0
Number of asset objects unloaded after import = 1
========================================================================
Received Import Request.
  Time since last request: 0.000026 seconds.
  path: Assets/GLASSOFCOINS - FPS low poly fps/ar2(automatic rifle)/ar2(automatic rifle)_anim/ar2(automatic rifle)_hands_Reload_ar2(automatic rifle).anim
  artifactKey: Guid(db74d48428686f24c9fa79317e4f9029) Importer(2089858483,0ecaa5967403d082aa24f35e1b516d23)
Start importing Assets/GLASSOFCOINS - FPS low poly fps/ar2(automatic rifle)/ar2(automatic rifle)_anim/ar2(automatic rifle)_hands_Reload_ar2(automatic rifle).anim using Guid(db74d48428686f24c9fa79317e4f9029) Importer(2089858483,0ecaa5967403d082aa24f35e1b516d23) Generated GUIDs only implemented for interfaces!
 -> (artifact id: 'a3d34def3c3da11b828b550ce1157ee9') in 0.027796 seconds
Number of updated asset objects reloaded before import = 0
Number of asset objects unloaded after import = 1
========================================================================
Received Import Request.
  Time since last request: 0.000027 seconds.
  path: Assets/Character/Jump.flac
  artifactKey: Guid(20a938ddb2eabd941936e6332b458b2f) Importer(2089858483,0ecaa5967403d082aa24f35e1b516d23)
Start importing Assets/Character/Jump.flac using Guid(20a938ddb2eabd941936e6332b458b2f) Importer(2089858483,0ecaa5967403d082aa24f35e1b516d23) Generated GUIDs only implemented for interfaces!
 -> (artifact id: 'd30f495d30c7d030172f246f78cf56c1') in 0.096434 seconds
Number of updated asset objects reloaded before import = 0
Number of asset objects unloaded after import = 1
========================================================================
Received Import Request.
  Time since last request: 0.000034 seconds.
  path: Assets/TextMesh Pro/Shaders/TMP_SDF.shader
  artifactKey: Guid(68e6db2ebdc24f95958faec2be5558d6) Importer(2089858483,0ecaa5967403d082aa24f35e1b516d23)
Start importing Assets/TextMesh Pro/Shaders/TMP_SDF.shader using Guid(68e6db2ebdc24f95958faec2be5558d6) Importer(2089858483,0ecaa5967403d082aa24f35e1b516d23) Generated GUIDs only implemented for interfaces!
 -> (artifact id: '749a4276bd11666ef1942ee7f7c5af2d') in 0.019090 seconds
Number of updated asset objects reloaded before import = 0
Number of asset objects unloaded after import = 1
========================================================================
Received Import Request.
  Time since last request: 0.000025 seconds.
  path: Assets/GLASSOFCOINS - FPS low poly fps/ar1(automatic rifle)/ar1(automatic rifle)_anim/ar1(automatic rifle)_hands_Idle_ar1(automatic rifle).anim
  artifactKey: Guid(c44d16a549346a84aa28b906d14555be) Importer(2089858483,0ecaa5967403d082aa24f35e1b516d23)
Start importing Assets/GLASSOFCOINS - FPS low poly fps/ar1(automatic rifle)/ar1(automatic rifle)_anim/ar1(automatic rifle)_hands_Idle_ar1(automatic rifle).anim using Guid(c44d16a549346a84aa28b906d14555be) Importer(2089858483,0ecaa5967403d082aa24f35e1b516d23) Generated GUIDs only implemented for interfaces!
 -> (artifact id: '73010a3362c45f95c435bacdc313e670') in 0.019329 seconds
Number of updated asset objects reloaded before import = 0
Number of asset objects unloaded after import = 1
========================================================================
Received Import Request.
  Time since last request: 0.000020 seconds.
  path: Assets/GLASSOFCOINS - FPS low poly fps/sniper rifle 2/sniper rifle 2_anim/sniper rifle 2_hands_Run_sniper rifle 2.anim
  artifactKey: Guid(02b2b19d870e2a04e8129aee7bb30570) Importer(2089858483,0ecaa5967403d082aa24f35e1b516d23)
Start importing Assets/GLASSOFCOINS - FPS low poly fps/sniper rifle 2/sniper rifle 2_anim/sniper rifle 2_hands_Run_sniper rifle 2.anim using Guid(02b2b19d870e2a04e8129aee7bb30570) Importer(2089858483,0ecaa5967403d082aa24f35e1b516d23) Generated GUIDs only implemented for interfaces!
 -> (artifact id: '9d0db2b67a1b58d4d92ef73b2b02bc25') in 0.019887 seconds
Number of updated asset objects reloaded before import = 0
Number of asset objects unloaded after import = 1
========================================================================
Received Import Request.
  Time since last request: 0.000023 seconds.
  path: Assets/GLASSOFCOINS - FPS low poly fps/sniper rifle 1/sniper rifle 1_anim/sniper rifle 1_hands_Run_sniper rifle 1.anim
  artifactKey: Guid(82ca5278cc07d91409ecb2989d0a35f2) Importer(2089858483,0ecaa5967403d082aa24f35e1b516d23)
Start importing Assets/GLASSOFCOINS - FPS low poly fps/sniper rifle 1/sniper rifle 1_anim/sniper rifle 1_hands_Run_sniper rifle 1.anim using Guid(82ca5278cc07d91409ecb2989d0a35f2) Importer(2089858483,0ecaa5967403d082aa24f35e1b516d23) Generated GUIDs only implemented for interfaces!
 -> (artifact id: '793f5de796dcf34325c5131d718235d6') in 0.023926 seconds
Number of updated asset objects reloaded before import = 0
Number of asset objects unloaded after import = 1
========================================================================
Received Import Request.
  Time since last request: 0.000038 seconds.
  path: Assets/TextMesh Pro/Resources/Fonts & Materials/LiberationSans SDF - Outline.mat
  artifactKey: Guid(79459efec17a4d00a321bdcc27bbc385) Importer(2089858483,0ecaa5967403d082aa24f35e1b516d23)
Start importing Assets/TextMesh Pro/Resources/Fonts & Materials/LiberationSans SDF - Outline.mat using Guid(79459efec17a4d00a321bdcc27bbc385) Importer(2089858483,0ecaa5967403d082aa24f35e1b516d23) Generated GUIDs only implemented for interfaces!
 -> (artifact id: 'f97db0e261a330a1ba40334c0ac8aaec') in 0.038094 seconds
Number of updated asset objects reloaded before import = 0
Number of asset objects unloaded after import = 2
========================================================================
Received Import Request.
  Time since last request: 0.000018 seconds.
  path: Assets/GLASSOFCOINS - FPS low poly fps/ar1(automatic rifle)/ar1(automatic rifle)_anim/ar1(automatic rifle)_hands_ReloadNoAmmo_ar1(automatic rifle).anim
  artifactKey: Guid(3768a107592660c4cae63296395d7008) Importer(2089858483,0ecaa5967403d082aa24f35e1b516d23)
Start importing Assets/GLASSOFCOINS - FPS low poly fps/ar1(automatic rifle)/ar1(automatic rifle)_anim/ar1(automatic rifle)_hands_ReloadNoAmmo_ar1(automatic rifle).anim using Guid(3768a107592660c4cae63296395d7008) Importer(2089858483,0ecaa5967403d082aa24f35e1b516d23) Generated GUIDs only implemented for interfaces!
 -> (artifact id: 'c6f14be125f8a4cac819859f390c4f7e') in 0.024371 seconds
Number of updated asset objects reloaded before import = 0
Number of asset objects unloaded after import = 1
========================================================================
Received Import Request.
  Time since last request: 0.000027 seconds.
  path: Assets/GLASSOFCOINS - FPS low poly fps/sniper rifle 2/sniper rifle 2_anim/sniper rifle 2_hands_Reload_sniper rifle 2.anim
  artifactKey: Guid(245ad843e8c2fa440a6fc1a06b380a42) Importer(2089858483,0ecaa5967403d082aa24f35e1b516d23)
Start importing Assets/GLASSOFCOINS - FPS low poly fps/sniper rifle 2/sniper rifle 2_anim/sniper rifle 2_hands_Reload_sniper rifle 2.anim using Guid(245ad843e8c2fa440a6fc1a06b380a42) Importer(2089858483,0ecaa5967403d082aa24f35e1b516d23) Generated GUIDs only implemented for interfaces!
 -> (artifact id: '41b5cb2f158607457d9c6cd2fea3168c') in 0.022628 seconds
Number of updated asset objects reloaded before import = 0
Number of asset objects unloaded after import = 1
========================================================================
Received Import Request.
  Time since last request: 0.000023 seconds.
  path: Assets/GLASSOFCOINS - FPS low poly fps/sniper rifle 1/sniper rifle 1_anim/sniper rifle 1_hands_AimShoot_sniper rifle 1.anim
  artifactKey: Guid(54401cf52af026f46b3b12c8c6608e33) Importer(2089858483,0ecaa5967403d082aa24f35e1b516d23)
Start importing Assets/GLASSOFCOINS - FPS low poly fps/sniper rifle 1/sniper rifle 1_anim/sniper rifle 1_hands_AimShoot_sniper rifle 1.anim using Guid(54401cf52af026f46b3b12c8c6608e33) Importer(2089858483,0ecaa5967403d082aa24f35e1b516d23) Generated GUIDs only implemented for interfaces!
 -> (artifact id: '349b7dea39730cf04ae7c0e44be8718b') in 0.023563 seconds
Number of updated asset objects reloaded before import = 0
Number of asset objects unloaded after import = 1
========================================================================
Received Import Request.
  Time since last request: 0.000025 seconds.
  path: Assets/Scenes/Menu.unity
  artifactKey: Guid(66711726a7a38df4092dca3d5d65f1d2) Importer(2089858483,0ecaa5967403d082aa24f35e1b516d23)
Start importing Assets/Scenes/Menu.unity using Guid(66711726a7a38df4092dca3d5d65f1d2) Importer(2089858483,0ecaa5967403d082aa24f35e1b516d23) Generated GUIDs only implemented for interfaces!
 -> (artifact id: '85a7802a72bbf0c1e657a01a9a7b3738') in 0.012193 seconds
Number of updated asset objects reloaded before import = 0
Number of asset objects unloaded after import = 1
========================================================================
Received Import Request.
  Time since last request: 0.000162 seconds.
  path: Assets/GLASSOFCOINS - FPS low poly fps/ar2(automatic rifle)/ar2(automatic rifle)_anim/ar2(automatic rifle)_hands_Aimshoot_ar2(automatic rifle).anim
  artifactKey: Guid(1fc674a9ee89d6949bd940bbfcc50727) Importer(2089858483,0ecaa5967403d082aa24f35e1b516d23)
Start importing Assets/GLASSOFCOINS - FPS low poly fps/ar2(automatic rifle)/ar2(automatic rifle)_anim/ar2(automatic rifle)_hands_Aimshoot_ar2(automatic rifle).anim using Guid(1fc674a9ee89d6949bd940bbfcc50727) Importer(2089858483,0ecaa5967403d082aa24f35e1b516d23) Generated GUIDs only implemented for interfaces!
 -> (artifact id: '0335024a1cda6ff7b1cade6a26a0d6af') in 0.020959 seconds
Number of updated asset objects reloaded before import = 0
Number of asset objects unloaded after import = 1
========================================================================
Received Prepare
Refreshing native plugins compatible for Editor in 4.13 ms, found 3 plugins.
Preloading 0 native plugins for Editor in 0.00 ms.
Unloading 2 Unused Serialized files (Serialized files now loaded: 0)
Unloading 3 unused Assets / (139.8 KB). Loaded Objects now: 4186.
Memory consumption went from 81.3 MB to 81.2 MB.
Total: 4.459700 ms (FindLiveObjects: 0.410900 ms CreateObjectMapping: 0.093000 ms MarkObjects: 3.816900 ms  DeleteObjects: 0.137500 ms)

Prepare: number of updated asset objects reloaded= 0
AssetImportParameters requested are different than current active one (requested -> active):
  custom:container-demuxer-ogg: 62fdf1f143b41e24485cea50d1cbac27 -> 
  custom:video-decoder-ogg-theora: a1e56fd34408186e4bbccfd4996cb3dc -> 
  custom:framework-win-MediaFoundation: 216162199b28c13a410421893ffa2e32 -> 
  custom:CustomObjectIndexerAttribute: 756ad292c208cfabdd7b50bc23989ffe -> 
  custom:container-demuxer-webm: 4f35f7cbe854078d1ac9338744f61a02 -> 
  custom:container-muxer-webm: aa71ff27fc2769a1b78a27578f13a17b -> 
  custom:video-decoder-webm-vp8: 9c59270c3fd7afecdb556c50c9e8de78 -> 
  custom:SearchIndexIgnoredProperties: e643bd26f0fe6173181afceb89e7c659 -> 
  custom:AudioImporter_EditorPlatform: d09bf68614088b80899f8185d706f6e7 -> 
  custom:video-encoder-webm-vp8: eb34c28f22e8b96e1ab97ce403110664 -> 
  custom:audio-decoder-ogg-vorbis: bf7c407c2cedff20999df2af8eb42d56 -> 
  custom:audio-encoder-webm-vorbis: bf7c407c2cedff20999df2af8eb42d56 -> 
========================================================================
Received Prepare
Refreshing native plugins compatible for Editor in 4.87 ms, found 3 plugins.
Preloading 0 native plugins for Editor in 0.00 ms.
Unloading 3 Unused Serialized files (Serialized files now loaded: 0)
Unloading 3 unused Assets / (142.1 KB). Loaded Objects now: 4186.
Memory consumption went from 81.6 MB to 81.5 MB.
Total: 4.228800 ms (FindLiveObjects: 0.403200 ms CreateObjectMapping: 0.094900 ms MarkObjects: 3.596500 ms  DeleteObjects: 0.133200 ms)

Prepare: number of updated asset objects reloaded= 0
AssetImportParameters requested are different than current active one (requested -> active):
  custom:container-demuxer-ogg: 62fdf1f143b41e24485cea50d1cbac27 -> 
  custom:video-decoder-ogg-theora: a1e56fd34408186e4bbccfd4996cb3dc -> 
  custom:framework-win-MediaFoundation: 216162199b28c13a410421893ffa2e32 -> 
  custom:CustomObjectIndexerAttribute: 756ad292c208cfabdd7b50bc23989ffe -> 
  custom:container-demuxer-webm: 4f35f7cbe854078d1ac9338744f61a02 -> 
  custom:container-muxer-webm: aa71ff27fc2769a1b78a27578f13a17b -> 
  custom:video-decoder-webm-vp8: 9c59270c3fd7afecdb556c50c9e8de78 -> 
  custom:SearchIndexIgnoredProperties: e643bd26f0fe6173181afceb89e7c659 -> 
  custom:AudioImporter_EditorPlatform: d09bf68614088b80899f8185d706f6e7 -> 
  custom:video-encoder-webm-vp8: eb34c28f22e8b96e1ab97ce403110664 -> 
  custom:audio-decoder-ogg-vorbis: bf7c407c2cedff20999df2af8eb42d56 -> 
  custom:audio-encoder-webm-vorbis: bf7c407c2cedff20999df2af8eb42d56 -> 
Editor requested this worker to shutdown with reason: Scaling down because of idle timeout
TcpMessagingSession - receive error: operation aborted. errorcode: 995, details: The I/O operation has been aborted because of either a thread exit or an application request.
AssetImportWorker is now disconnected from the server
Process exiting
Exiting without the bug reporter. Application will terminate with return code 0