Using pre-set license
Built from '2022.3/staging' branch; Version is '2022.3.13f1 (5f90a5ebde0f) revision 6262949'; Using compiler version '192829333'; Build Type 'Release'
OS: 'Windows 10  (10.0.19045) 64bit Professional' Language: 'en' Physical Memory: 16294 MB
BatchMode: 1, IsHumanControllingUs: 0, StartBugReporterOnCrash: 0, Is64bit: 1, IsPro: 1

COMMAND LINE ARGUMENTS:
C:\Program Files\Unity\Hub\Editor\2022.3.13f1\Editor\Unity.exe
-adb2
-batchMode
-noUpm
-name
AssetImportWorker2
-projectPath
C:/temp/iShoot
-logFile
Logs/AssetImportWorker2.log
-srvPort
64042
Successfully changed project path to: C:/temp/iShoot
C:/temp/iShoot
[UnityMemory] Configuration Parameters - Can be set up in boot.config
    "memorysetup-bucket-allocator-granularity=16"
    "memorysetup-bucket-allocator-bucket-count=8"
    "memorysetup-bucket-allocator-block-size=33554432"
    "memorysetup-bucket-allocator-block-count=8"
    "memorysetup-main-allocator-block-size=16777216"
    "memorysetup-thread-allocator-block-size=16777216"
    "memorysetup-gfx-main-allocator-block-size=16777216"
    "memorysetup-gfx-thread-allocator-block-size=16777216"
    "memorysetup-cache-allocator-block-size=4194304"
    "memorysetup-typetree-allocator-block-size=2097152"
    "memorysetup-profiler-bucket-allocator-granularity=16"
    "memorysetup-profiler-bucket-allocator-bucket-count=8"
    "memorysetup-profiler-bucket-allocator-block-size=33554432"
    "memorysetup-profiler-bucket-allocator-block-count=8"
    "memorysetup-profiler-allocator-block-size=16777216"
    "memorysetup-profiler-editor-allocator-block-size=1048576"
    "memorysetup-temp-allocator-size-main=16777216"
    "memorysetup-job-temp-allocator-block-size=2097152"
    "memorysetup-job-temp-allocator-block-size-background=1048576"
    "memorysetup-job-temp-allocator-reduction-small-platforms=262144"
    "memorysetup-allocator-temp-initial-block-size-main=262144"
    "memorysetup-allocator-temp-initial-block-size-worker=262144"
    "memorysetup-temp-allocator-size-background-worker=32768"
    "memorysetup-temp-allocator-size-job-worker=262144"
    "memorysetup-temp-allocator-size-preload-manager=33554432"
    "memorysetup-temp-allocator-size-nav-mesh-worker=65536"
    "memorysetup-temp-allocator-size-audio-worker=65536"
    "memorysetup-temp-allocator-size-cloud-worker=32768"
    "memorysetup-temp-allocator-size-gi-baking-worker=262144"
    "memorysetup-temp-allocator-size-gfx=262144"
Player connection [19552] Host "[IP] 192.168.0.198 [Port] 0 [Flags] 2 [Guid] 2323826125 [EditorId] 2323826125 [Version] 1048832 [Id] WindowsEditor(7,DESKTOP-CB8OTIG) [Debug] 1 [PackageName] WindowsEditor [ProjectName] Editor" joined multi-casting on [225.0.0.222:54997]...

Player connection [19552] Host "[IP] 192.168.0.198 [Port] 0 [Flags] 2 [Guid] 2323826125 [EditorId] 2323826125 [Version] 1048832 [Id] WindowsEditor(7,DESKTOP-CB8OTIG) [Debug] 1 [PackageName] WindowsEditor [ProjectName] Editor" joined alternative multi-casting on [225.0.0.222:34997]...

[Physics::Module] Initialized MultithreadedJobDispatcher with 15 workers.
Refreshing native plugins compatible for Editor in 13.57 ms, found 3 plugins.
Preloading 0 native plugins for Editor in 0.00 ms.
Initialize engine version: 2022.3.13f1 (5f90a5ebde0f)
[Subsystems] Discovering subsystems at path C:/Program Files/Unity/Hub/Editor/2022.3.13f1/Editor/Data/Resources/UnitySubsystems
[Subsystems] Discovering subsystems at path C:/temp/iShoot/Assets
GfxDevice: creating device client; threaded=0; jobified=0
Direct3D:
    Version:  Direct3D 11.0 [level 11.1]
    Renderer: NVIDIA GeForce RTX 2070 SUPER (ID=0x1e84)
    Vendor:   NVIDIA
    VRAM:     7989 MB
    Driver:   32.0.15.5585
Initialize mono
Mono path[0] = 'C:/Program Files/Unity/Hub/Editor/2022.3.13f1/Editor/Data/Managed'
Mono path[1] = 'C:/Program Files/Unity/Hub/Editor/2022.3.13f1/Editor/Data/MonoBleedingEdge/lib/mono/unityjit-win32'
Mono config path = 'C:/Program Files/Unity/Hub/Editor/2022.3.13f1/Editor/Data/MonoBleedingEdge/etc'
Using monoOptions --debugger-agent=transport=dt_socket,embedding=1,server=y,suspend=n,address=127.0.0.1:56684
Begin MonoManager ReloadAssembly
Registering precompiled unity dll's ...
Register platform support module: C:/Program Files/Unity/Hub/Editor/2022.3.13f1/Editor/Data/PlaybackEngines/WindowsStandaloneSupport/UnityEditor.WindowsStandalone.Extensions.dll
Registered in 0.017108 seconds.
- Loaded All Assemblies, in  0.519 seconds
Native extension for WindowsStandalone target not found
Mono: successfully reloaded assembly
- Finished resetting the current domain, in  0.358 seconds
Domain Reload Profiling: 873ms
	BeginReloadAssembly (146ms)
		ExecutionOrderSort (0ms)
		DisableScriptedObjects (0ms)
		BackupInstance (0ms)
		ReleaseScriptingObjects (0ms)
		CreateAndSetChildDomain (1ms)
	RebuildCommonClasses (55ms)
	RebuildNativeTypeToScriptingClass (16ms)
	initialDomainReloadingComplete (89ms)
	LoadAllAssembliesAndSetupDomain (209ms)
		LoadAssemblies (141ms)
		RebuildTransferFunctionScriptingTraits (0ms)
		AnalyzeDomain (206ms)
			TypeCache.Refresh (204ms)
				TypeCache.ScanAssembly (186ms)
			ScanForSourceGeneratedMonoScriptInfo (0ms)
			ResolveRequiredComponents (1ms)
	FinalizeReload (358ms)
		ReleaseScriptCaches (0ms)
		RebuildScriptCaches (0ms)
		SetupLoadedEditorAssemblies (270ms)
			LogAssemblyErrors (0ms)
			InitializePlatformSupportModulesInManaged (17ms)
			SetLoadedEditorAssemblies (9ms)
			RefreshPlugins (0ms)
			BeforeProcessingInitializeOnLoad (2ms)
			ProcessInitializeOnLoadAttributes (177ms)
			ProcessInitializeOnLoadMethodAttributes (65ms)
			AfterProcessingInitializeOnLoad (0ms)
			EditorAssembliesLoaded (0ms)
		ExecutionOrderSort2 (0ms)
		AwakeInstancesAfterBackupRestoration (0ms)
========================================================================
Worker process is ready to serve import requests
Begin MonoManager ReloadAssembly
- Loaded All Assemblies, in  0.892 seconds
Refreshing native plugins compatible for Editor in 7.12 ms, found 3 plugins.
Native extension for WindowsStandalone target not found
Package Manager log level set to [2]
[Package Manager] Server::EnsureServerProcessIsRunning -- launch failed, reason: Unity was launched with the -noUpm command-line argument
[Package Manager] UpmClient::Send -- Unable to send message (not connected to UPM process).
[Package Manager] Cannot connect to Unity Package Manager local server
Mono: successfully reloaded assembly
- Finished resetting the current domain, in  0.783 seconds
Domain Reload Profiling: 1668ms
	BeginReloadAssembly (192ms)
		ExecutionOrderSort (0ms)
		DisableScriptedObjects (6ms)
		BackupInstance (0ms)
		ReleaseScriptingObjects (0ms)
		CreateAndSetChildDomain (32ms)
	RebuildCommonClasses (41ms)
	RebuildNativeTypeToScriptingClass (12ms)
	initialDomainReloadingComplete (61ms)
	LoadAllAssembliesAndSetupDomain (579ms)
		LoadAssemblies (403ms)
		RebuildTransferFunctionScriptingTraits (0ms)
		AnalyzeDomain (279ms)
			TypeCache.Refresh (241ms)
				TypeCache.ScanAssembly (211ms)
			ScanForSourceGeneratedMonoScriptInfo (30ms)
			ResolveRequiredComponents (6ms)
	FinalizeReload (784ms)
		ReleaseScriptCaches (0ms)
		RebuildScriptCaches (0ms)
		SetupLoadedEditorAssemblies (578ms)
			LogAssemblyErrors (0ms)
			InitializePlatformSupportModulesInManaged (8ms)
			SetLoadedEditorAssemblies (3ms)
			RefreshPlugins (0ms)
			BeforeProcessingInitializeOnLoad (90ms)
			ProcessInitializeOnLoadAttributes (434ms)
			ProcessInitializeOnLoadMethodAttributes (27ms)
			AfterProcessingInitializeOnLoad (16ms)
			EditorAssembliesLoaded (0ms)
		ExecutionOrderSort2 (0ms)
		AwakeInstancesAfterBackupRestoration (13ms)
Launched and connected shader compiler UnityShaderCompiler.exe after 0.06 seconds
Refreshing native plugins compatible for Editor in 7.40 ms, found 3 plugins.
Preloading 0 native plugins for Editor in 0.00 ms.
Unloading 3722 Unused Serialized files (Serialized files now loaded: 0)
Unloading 51 unused Assets / (177.4 KB). Loaded Objects now: 4185.
Memory consumption went from 148.2 MB to 148.0 MB.
Total: 6.100100 ms (FindLiveObjects: 0.715500 ms CreateObjectMapping: 0.408900 ms MarkObjects: 4.698800 ms  DeleteObjects: 0.274300 ms)

AssetImportParameters requested are different than current active one (requested -> active):
  custom:container-demuxer-ogg: 62fdf1f143b41e24485cea50d1cbac27 -> 
  custom:video-decoder-ogg-theora: a1e56fd34408186e4bbccfd4996cb3dc -> 
  custom:framework-win-MediaFoundation: 216162199b28c13a410421893ffa2e32 -> 
  custom:container-demuxer-webm: 4f35f7cbe854078d1ac9338744f61a02 -> 
  custom:container-muxer-webm: aa71ff27fc2769a1b78a27578f13a17b -> 
  custom:video-decoder-webm-vp8: 9c59270c3fd7afecdb556c50c9e8de78 -> 
  custom:AudioImporter_EditorPlatform: d09bf68614088b80899f8185d706f6e7 -> 
  custom:video-encoder-webm-vp8: eb34c28f22e8b96e1ab97ce403110664 -> 
  custom:audio-decoder-ogg-vorbis: bf7c407c2cedff20999df2af8eb42d56 -> 
  custom:audio-encoder-webm-vorbis: bf7c407c2cedff20999df2af8eb42d56 -> 
========================================================================
Received Import Request.
  Time since last request: 506521.917866 seconds.
  path: Assets/TextMesh Pro/Resources/LineBreaking Leading Characters.txt
  artifactKey: Guid(d82c1b31c7e74239bff1220585707d2b) Importer(2089858483,0ecaa5967403d082aa24f35e1b516d23)
Start importing Assets/TextMesh Pro/Resources/LineBreaking Leading Characters.txt using Guid(d82c1b31c7e74239bff1220585707d2b) Importer(2089858483,0ecaa5967403d082aa24f35e1b516d23) Generated GUIDs only implemented for interfaces!
 -> (artifact id: '5faa2f6c7549195ea42a787c9e7642a8') in 0.096357 seconds
Number of updated asset objects reloaded before import = 0
Number of asset objects unloaded after import = 1
========================================================================
Received Import Request.
  Time since last request: 0.000034 seconds.
  path: Assets/Scripts/Projectile.cs
  artifactKey: Guid(0ca729c6c05a75b47bd21a2eeea0b219) Importer(2089858483,0ecaa5967403d082aa24f35e1b516d23)
Start importing Assets/Scripts/Projectile.cs using Guid(0ca729c6c05a75b47bd21a2eeea0b219) Importer(2089858483,0ecaa5967403d082aa24f35e1b516d23) Generated GUIDs only implemented for interfaces!
 -> (artifact id: '34198495f23bf8051390b1539083929a') in 0.037607 seconds
Number of updated asset objects reloaded before import = 0
Number of asset objects unloaded after import = 1
========================================================================
Received Import Request.
  Time since last request: 0.000023 seconds.
  path: Assets/TextMesh Pro/Shaders/TMPro.cginc
  artifactKey: Guid(407bc68d299748449bbf7f48ee690f8d) Importer(2089858483,0ecaa5967403d082aa24f35e1b516d23)
Start importing Assets/TextMesh Pro/Shaders/TMPro.cginc using Guid(407bc68d299748449bbf7f48ee690f8d) Importer(2089858483,0ecaa5967403d082aa24f35e1b516d23) Generated GUIDs only implemented for interfaces!
 -> (artifact id: '8192db6482464df3cb3039c773da67e9') in 0.017001 seconds
Number of updated asset objects reloaded before import = 0
Number of asset objects unloaded after import = 1
========================================================================
Received Import Request.
  Time since last request: 0.000025 seconds.
  path: Assets/Scenes/Won.unity
  artifactKey: Guid(ffe3425c936b0b143b9e1078a319dd31) Importer(2089858483,0ecaa5967403d082aa24f35e1b516d23)
Start importing Assets/Scenes/Won.unity using Guid(ffe3425c936b0b143b9e1078a319dd31) Importer(2089858483,0ecaa5967403d082aa24f35e1b516d23) Generated GUIDs only implemented for interfaces!
 -> (artifact id: 'c0562084af4fffdc037e9487a5718e96') in 0.014128 seconds
Number of updated asset objects reloaded before import = 0
Number of asset objects unloaded after import = 1
========================================================================
Received Import Request.
  Time since last request: 0.000046 seconds.
  path: Assets/bullet.prefab
  artifactKey: Guid(f1ace1355d114fb47bf2575423215df3) Importer(2089858483,0ecaa5967403d082aa24f35e1b516d23)
Start importing Assets/bullet.prefab using Guid(f1ace1355d114fb47bf2575423215df3) Importer(2089858483,0ecaa5967403d082aa24f35e1b516d23) Generated GUIDs only implemented for interfaces!
 -> (artifact id: '60df35dfd0bc119334e416ab8d8eaa19') in 0.044133 seconds
Number of updated asset objects reloaded before import = 0
Number of asset objects unloaded after import = 11
========================================================================
Received Import Request.
  Time since last request: 0.000025 seconds.
  path: Assets/GLASSOFCOINS - FPS low poly fps/pistol1/pistol1.fbx
  artifactKey: Guid(4e98271e1c60ef549b3240179519b7bf) Importer(2089858483,0ecaa5967403d082aa24f35e1b516d23)
Start importing Assets/GLASSOFCOINS - FPS low poly fps/pistol1/pistol1.fbx using Guid(4e98271e1c60ef549b3240179519b7bf) Importer(2089858483,0ecaa5967403d082aa24f35e1b516d23) Generated GUIDs only implemented for interfaces!
 -> (artifact id: '53ef76202491beecb0c298ab871ecf39') in 0.138091 seconds
Number of updated asset objects reloaded before import = 0
Number of asset objects unloaded after import = 151
========================================================================
Received Import Request.
  Time since last request: 0.000031 seconds.
  path: Assets/GLASSOFCOINS - FPS low poly fps/ar1(automatic rifle)/ar1(automatic rifle)_anim/ar1(automatic rifle)_hands_draw_ar1(automatic rifle).anim
  artifactKey: Guid(1c75ddbe08a2bd34890a93aaf2d46c9f) Importer(2089858483,0ecaa5967403d082aa24f35e1b516d23)
Start importing Assets/GLASSOFCOINS - FPS low poly fps/ar1(automatic rifle)/ar1(automatic rifle)_anim/ar1(automatic rifle)_hands_draw_ar1(automatic rifle).anim using Guid(1c75ddbe08a2bd34890a93aaf2d46c9f) Importer(2089858483,0ecaa5967403d082aa24f35e1b516d23) Generated GUIDs only implemented for interfaces!
 -> (artifact id: '2f7ee409d274b6db252dbf31d24bfede') in 0.027126 seconds
Number of updated asset objects reloaded before import = 0
Number of asset objects unloaded after import = 1
========================================================================
Received Import Request.
  Time since last request: 0.000035 seconds.
  path: Assets/Scenes/LevelSelection.unity
  artifactKey: Guid(704991dcbeed745479efddd41d22f890) Importer(2089858483,0ecaa5967403d082aa24f35e1b516d23)
Start importing Assets/Scenes/LevelSelection.unity using Guid(704991dcbeed745479efddd41d22f890) Importer(2089858483,0ecaa5967403d082aa24f35e1b516d23) Generated GUIDs only implemented for interfaces!
 -> (artifact id: '2bcc54a9c956e976a055976546c91e6e') in 0.015965 seconds
Number of updated asset objects reloaded before import = 0
Number of asset objects unloaded after import = 1
========================================================================
Received Import Request.
  Time since last request: 0.000044 seconds.
  path: Assets/GLASSOFCOINS - FPS low poly fps/ar1(automatic rifle)/ar1(automatic rifle).fbx
  artifactKey: Guid(7ee290c88843d2c49be639ef4dea8a73) Importer(2089858483,0ecaa5967403d082aa24f35e1b516d23)
Start importing Assets/GLASSOFCOINS - FPS low poly fps/ar1(automatic rifle)/ar1(automatic rifle).fbx using Guid(7ee290c88843d2c49be639ef4dea8a73) Importer(2089858483,0ecaa5967403d082aa24f35e1b516d23) Generated GUIDs only implemented for interfaces!
 -> (artifact id: '0594f958ba1cfe2034e57c82b9908fbe') in 0.134377 seconds
Number of updated asset objects reloaded before import = 0
Number of asset objects unloaded after import = 152
========================================================================
Received Import Request.
  Time since last request: 0.000027 seconds.
  path: Assets/Scripts/JumpPad.cs
  artifactKey: Guid(b6c95090e79b2964f916166bf9c348ed) Importer(2089858483,0ecaa5967403d082aa24f35e1b516d23)
Start importing Assets/Scripts/JumpPad.cs using Guid(b6c95090e79b2964f916166bf9c348ed) Importer(2089858483,0ecaa5967403d082aa24f35e1b516d23) Generated GUIDs only implemented for interfaces!
 -> (artifact id: '7e7153e893c93c9f727a8a7e21cdb07d') in 0.010269 seconds
Number of updated asset objects reloaded before import = 0
Number of asset objects unloaded after import = 1
========================================================================
Received Import Request.
  Time since last request: 0.000020 seconds.
  path: Assets/GLASSOFCOINS - FPS low poly fps/pistol1/pistol1_prefab/pistol1_prefab.prefab
  artifactKey: Guid(63706c2e38877884d9dcb119f12d2c48) Importer(2089858483,0ecaa5967403d082aa24f35e1b516d23)
Start importing Assets/GLASSOFCOINS - FPS low poly fps/pistol1/pistol1_prefab/pistol1_prefab.prefab using Guid(63706c2e38877884d9dcb119f12d2c48) Importer(2089858483,0ecaa5967403d082aa24f35e1b516d23) Generated GUIDs only implemented for interfaces!
 -> (artifact id: 'dea9120ed6f9c4a742b579695dcebc57') in 0.014325 seconds
Number of updated asset objects reloaded before import = 0
Number of asset objects unloaded after import = 28
========================================================================
Received Import Request.
  Time since last request: 0.000024 seconds.
  path: Assets/Scripts/EnemyAi.cs
  artifactKey: Guid(9402317f6c4bd81438523ffa733f4dda) Importer(2089858483,0ecaa5967403d082aa24f35e1b516d23)
Start importing Assets/Scripts/EnemyAi.cs using Guid(9402317f6c4bd81438523ffa733f4dda) Importer(2089858483,0ecaa5967403d082aa24f35e1b516d23) Generated GUIDs only implemented for interfaces!
 -> (artifact id: '96fce25bcbb0e3c982c96df2c80a2cf4') in 0.014917 seconds
Number of updated asset objects reloaded before import = 0
Number of asset objects unloaded after import = 1
========================================================================
Received Import Request.
  Time since last request: 0.000024 seconds.
  path: Assets/GLASSOFCOINS - FPS low poly fps/attachements/attachments_prefabs/dot_sight_prefab.prefab
  artifactKey: Guid(1018ab29243794846a01fbd81988db95) Importer(2089858483,0ecaa5967403d082aa24f35e1b516d23)
Start importing Assets/GLASSOFCOINS - FPS low poly fps/attachements/attachments_prefabs/dot_sight_prefab.prefab using Guid(1018ab29243794846a01fbd81988db95) Importer(2089858483,0ecaa5967403d082aa24f35e1b516d23) Generated GUIDs only implemented for interfaces!
 -> (artifact id: '6bb7ab6b626095abd3d38c64500fd1e2') in 0.021160 seconds
Number of updated asset objects reloaded before import = 0
Number of asset objects unloaded after import = 7
========================================================================
Received Import Request.
  Time since last request: 0.000020 seconds.
  path: Assets/Scripts/Movement.cs
  artifactKey: Guid(7d57bc634e7525d45b4b2b971e6d1f97) Importer(2089858483,0ecaa5967403d082aa24f35e1b516d23)
Start importing Assets/Scripts/Movement.cs using Guid(7d57bc634e7525d45b4b2b971e6d1f97) Importer(2089858483,0ecaa5967403d082aa24f35e1b516d23) Generated GUIDs only implemented for interfaces!
 -> (artifact id: '475e552b39d3662237c74519161f19ae') in 0.012315 seconds
Number of updated asset objects reloaded before import = 0
Number of asset objects unloaded after import = 1
========================================================================
Received Import Request.
  Time since last request: 0.000031 seconds.
  path: Assets/GLASSOFCOINS - FPS low poly fps/pistol2/pistol2.fbx
  artifactKey: Guid(e3e075655de3a9d4cb885cccfd042991) Importer(2089858483,0ecaa5967403d082aa24f35e1b516d23)
Start importing Assets/GLASSOFCOINS - FPS low poly fps/pistol2/pistol2.fbx using Guid(e3e075655de3a9d4cb885cccfd042991) Importer(2089858483,0ecaa5967403d082aa24f35e1b516d23) Generated GUIDs only implemented for interfaces!
 -> (artifact id: '7d10f772607188cb8bb9c698d400e591') in 0.092602 seconds
Number of updated asset objects reloaded before import = 0
Number of asset objects unloaded after import = 148
========================================================================
Received Import Request.
  Time since last request: 0.000024 seconds.
  path: Assets/goddamn circle.png
  artifactKey: Guid(43cd80ae1eb72e14a958b5249ff47a37) Importer(2089858483,0ecaa5967403d082aa24f35e1b516d23)
Start importing Assets/goddamn circle.png using Guid(43cd80ae1eb72e14a958b5249ff47a37) Importer(2089858483,0ecaa5967403d082aa24f35e1b516d23) Generated GUIDs only implemented for interfaces!
 -> (artifact id: '51784cf927acb8291855a6f7ec3d532b') in 0.081352 seconds
Number of updated asset objects reloaded before import = 0
Number of asset objects unloaded after import = 3
========================================================================
Received Import Request.
  Time since last request: 0.000784 seconds.
  path: Assets/Scripts/GrappleGun.cs
  artifactKey: Guid(98de7e887a281374ebc6b27ba273e45d) Importer(2089858483,0ecaa5967403d082aa24f35e1b516d23)
Start importing Assets/Scripts/GrappleGun.cs using Guid(98de7e887a281374ebc6b27ba273e45d) Importer(2089858483,0ecaa5967403d082aa24f35e1b516d23) Generated GUIDs only implemented for interfaces!
 -> (artifact id: '0815bec3ce73658bc324f4319c90aabc') in 0.014605 seconds
Number of updated asset objects reloaded before import = 0
Number of asset objects unloaded after import = 1
========================================================================
Received Import Request.
  Time since last request: 0.000017 seconds.
  path: Assets/Scripts/Gun.cs
  artifactKey: Guid(0069e293025f5ee45abd8cecae5c35b9) Importer(2089858483,0ecaa5967403d082aa24f35e1b516d23)
Start importing Assets/Scripts/Gun.cs using Guid(0069e293025f5ee45abd8cecae5c35b9) Importer(2089858483,0ecaa5967403d082aa24f35e1b516d23) Generated GUIDs only implemented for interfaces!
 -> (artifact id: 'a167f2cd68b72c802affc7172981e850') in 0.012049 seconds
Number of updated asset objects reloaded before import = 0
Number of asset objects unloaded after import = 1
========================================================================
Received Import Request.
  Time since last request: 0.000028 seconds.
  path: Assets/Scripts/LevelSelection.cs
  artifactKey: Guid(3f3d34e2766ce0542825f81e6630ae02) Importer(2089858483,0ecaa5967403d082aa24f35e1b516d23)
Start importing Assets/Scripts/LevelSelection.cs using Guid(3f3d34e2766ce0542825f81e6630ae02) Importer(2089858483,0ecaa5967403d082aa24f35e1b516d23) Generated GUIDs only implemented for interfaces!
 -> (artifact id: '5e45209ce14b11e42a3b613cd1040977') in 0.014441 seconds
Number of updated asset objects reloaded before import = 0
Number of asset objects unloaded after import = 1
========================================================================
Received Import Request.
  Time since last request: 0.000025 seconds.
  path: Assets/Scenes/GameOver.unity
  artifactKey: Guid(09d21c2c50c365f42bb2a585277744d0) Importer(2089858483,0ecaa5967403d082aa24f35e1b516d23)
Start importing Assets/Scenes/GameOver.unity using Guid(09d21c2c50c365f42bb2a585277744d0) Importer(2089858483,0ecaa5967403d082aa24f35e1b516d23) Generated GUIDs only implemented for interfaces!
 -> (artifact id: '6dff2beaf4fa83098583f09fc9e3e4f6') in 0.010990 seconds
Number of updated asset objects reloaded before import = 0
Number of asset objects unloaded after import = 1
========================================================================
Received Import Request.
  Time since last request: 0.000033 seconds.
  path: Assets/GLASSOFCOINS - FPS low poly fps/sniper rifle 1/sniper rifle 1.fbx
  artifactKey: Guid(1f2bd1c22d3be4c468a13bca7f4a129c) Importer(2089858483,0ecaa5967403d082aa24f35e1b516d23)
Start importing Assets/GLASSOFCOINS - FPS low poly fps/sniper rifle 1/sniper rifle 1.fbx using Guid(1f2bd1c22d3be4c468a13bca7f4a129c) Importer(2089858483,0ecaa5967403d082aa24f35e1b516d23) Generated GUIDs only implemented for interfaces!
 -> (artifact id: 'ff1b8a703f3be7d7cfa6ed38ebc41f73') in 0.081932 seconds
Number of updated asset objects reloaded before import = 0
Number of asset objects unloaded after import = 146
========================================================================
Received Import Request.
  Time since last request: 0.000020 seconds.
  path: Assets/GLASSOFCOINS - FPS low poly fps/smg2(sub-machine gun)/smg2(sub-machine gun)_anim/smg2(sub-machine gun)_hands_Aimshoot_smg2(sub-machine gun).anim
  artifactKey: Guid(3ceb89e90d799244882d8052085695b5) Importer(2089858483,0ecaa5967403d082aa24f35e1b516d23)
Start importing Assets/GLASSOFCOINS - FPS low poly fps/smg2(sub-machine gun)/smg2(sub-machine gun)_anim/smg2(sub-machine gun)_hands_Aimshoot_smg2(sub-machine gun).anim using Guid(3ceb89e90d799244882d8052085695b5) Importer(2089858483,0ecaa5967403d082aa24f35e1b516d23) Generated GUIDs only implemented for interfaces!
 -> (artifact id: '156d838f8204a6a605a0325838267987') in 0.022895 seconds
Number of updated asset objects reloaded before import = 0
Number of asset objects unloaded after import = 1
========================================================================
Received Import Request.
  Time since last request: 0.000021 seconds.
  path: Assets/GLASSOFCOINS - FPS low poly fps/smg1(sub-machine gun)/smg1(sub-machine gun)_anim/smg1(sub-machine gun)_hands_Idle_smg1(sub-machine gun).anim
  artifactKey: Guid(77f71e768ca6667439b3f71865ccb53f) Importer(2089858483,0ecaa5967403d082aa24f35e1b516d23)
Start importing Assets/GLASSOFCOINS - FPS low poly fps/smg1(sub-machine gun)/smg1(sub-machine gun)_anim/smg1(sub-machine gun)_hands_Idle_smg1(sub-machine gun).anim using Guid(77f71e768ca6667439b3f71865ccb53f) Importer(2089858483,0ecaa5967403d082aa24f35e1b516d23) Generated GUIDs only implemented for interfaces!
 -> (artifact id: 'eef6601bfb84170adede311a506c023a') in 0.020636 seconds
Number of updated asset objects reloaded before import = 0
Number of asset objects unloaded after import = 1
========================================================================
Received Import Request.
  Time since last request: 0.000018 seconds.
  path: Assets/GLASSOFCOINS - FPS low poly fps/smg2(sub-machine gun)/smg2(sub-machine gun)_anim/smg2(sub-machine gun)_hands_Aim_smg2(sub-machine gun).anim
  artifactKey: Guid(3484333aa1ef04f44904fbe4bae79540) Importer(2089858483,0ecaa5967403d082aa24f35e1b516d23)
Start importing Assets/GLASSOFCOINS - FPS low poly fps/smg2(sub-machine gun)/smg2(sub-machine gun)_anim/smg2(sub-machine gun)_hands_Aim_smg2(sub-machine gun).anim using Guid(3484333aa1ef04f44904fbe4bae79540) Importer(2089858483,0ecaa5967403d082aa24f35e1b516d23) Generated GUIDs only implemented for interfaces!
 -> (artifact id: '2a3c17cf01e55b473ebb2d19968bad8e') in 0.020563 seconds
Number of updated asset objects reloaded before import = 0
Number of asset objects unloaded after import = 1
========================================================================
Received Import Request.
  Time since last request: 0.000097 seconds.
  path: Assets/GLASSOFCOINS - FPS low poly fps/shotgun2/shotgun2_anim/shotgun2_hands_draw_shotgun2.anim
  artifactKey: Guid(a3c5eec867f784443a1f3200f0af8134) Importer(2089858483,0ecaa5967403d082aa24f35e1b516d23)
Start importing Assets/GLASSOFCOINS - FPS low poly fps/shotgun2/shotgun2_anim/shotgun2_hands_draw_shotgun2.anim using Guid(a3c5eec867f784443a1f3200f0af8134) Importer(2089858483,0ecaa5967403d082aa24f35e1b516d23) Generated GUIDs only implemented for interfaces!
 -> (artifact id: '883bd37a3778833dbc415e5bfef3d63e') in 0.020983 seconds
Number of updated asset objects reloaded before import = 0
Number of asset objects unloaded after import = 1
========================================================================
Received Import Request.
  Time since last request: 0.000019 seconds.
  path: Assets/GLASSOFCOINS - FPS low poly fps/smg1(sub-machine gun)/smg1(sub-machine gun)_anim/smg1(sub-machine gun)_hands_AimWalk_smg1(sub-machine gun).anim
  artifactKey: Guid(28389616714180047899466a9e5b6a1a) Importer(2089858483,0ecaa5967403d082aa24f35e1b516d23)
Start importing Assets/GLASSOFCOINS - FPS low poly fps/smg1(sub-machine gun)/smg1(sub-machine gun)_anim/smg1(sub-machine gun)_hands_AimWalk_smg1(sub-machine gun).anim using Guid(28389616714180047899466a9e5b6a1a) Importer(2089858483,0ecaa5967403d082aa24f35e1b516d23) Generated GUIDs only implemented for interfaces!
 -> (artifact id: '3227c699b621be5d50ef4ae2290e6fcf') in 0.021301 seconds
Number of updated asset objects reloaded before import = 0
Number of asset objects unloaded after import = 1
========================================================================
Received Import Request.
  Time since last request: 0.000027 seconds.
  path: Assets/GLASSOFCOINS - FPS low poly fps/smg2(sub-machine gun)/smg2(sub-machine gun)_prefab/smg2(sub-machine gun)_prefab.prefab
  artifactKey: Guid(8ab77e6f6ff2a2f4dab767114124c086) Importer(2089858483,0ecaa5967403d082aa24f35e1b516d23)
Start importing Assets/GLASSOFCOINS - FPS low poly fps/smg2(sub-machine gun)/smg2(sub-machine gun)_prefab/smg2(sub-machine gun)_prefab.prefab using Guid(8ab77e6f6ff2a2f4dab767114124c086) Importer(2089858483,0ecaa5967403d082aa24f35e1b516d23) Generated GUIDs only implemented for interfaces!
 -> (artifact id: '43bbe33c860bb0d94ba69d3037c9959b') in 0.017608 seconds
Number of updated asset objects reloaded before import = 0
Number of asset objects unloaded after import = 136
========================================================================
Received Import Request.
  Time since last request: 0.000021 seconds.
  path: Assets/GLASSOFCOINS - FPS low poly fps/shotgun2/shotgun2_anim/shotgun2_hands_Fire_shotgun2.anim
  artifactKey: Guid(e917f69c0056c90459e47684ba072fc9) Importer(2089858483,0ecaa5967403d082aa24f35e1b516d23)
Start importing Assets/GLASSOFCOINS - FPS low poly fps/shotgun2/shotgun2_anim/shotgun2_hands_Fire_shotgun2.anim using Guid(e917f69c0056c90459e47684ba072fc9) Importer(2089858483,0ecaa5967403d082aa24f35e1b516d23) Generated GUIDs only implemented for interfaces!
 -> (artifact id: 'cfc331b976f775cf0ffcbc811cfac712') in 0.020248 seconds
Number of updated asset objects reloaded before import = 0
Number of asset objects unloaded after import = 1
========================================================================
Received Import Request.
  Time since last request: 0.000032 seconds.
  path: Assets/GLASSOFCOINS - FPS low poly fps/sniper rifle 1/sniper rifle 1_anim/sniper rifle 1_hands_Reload_sniper rifle 1.anim
  artifactKey: Guid(f730844f419cdff40be79a667ee92588) Importer(2089858483,0ecaa5967403d082aa24f35e1b516d23)
Start importing Assets/GLASSOFCOINS - FPS low poly fps/sniper rifle 1/sniper rifle 1_anim/sniper rifle 1_hands_Reload_sniper rifle 1.anim using Guid(f730844f419cdff40be79a667ee92588) Importer(2089858483,0ecaa5967403d082aa24f35e1b516d23) Generated GUIDs only implemented for interfaces!
 -> (artifact id: '526cd39f246de24693b5a4a44d4b73b8') in 0.024672 seconds
Number of updated asset objects reloaded before import = 0
Number of asset objects unloaded after import = 1
========================================================================
Received Import Request.
  Time since last request: 0.000025 seconds.
  path: Assets/GLASSOFCOINS - FPS low poly fps/shotgun1/shotgun1_anim/shotgun1_hands_Aimshoot_shotgun1.anim
  artifactKey: Guid(92212d12dbf882c40a65462ed149a0c1) Importer(2089858483,0ecaa5967403d082aa24f35e1b516d23)
Start importing Assets/GLASSOFCOINS - FPS low poly fps/shotgun1/shotgun1_anim/shotgun1_hands_Aimshoot_shotgun1.anim using Guid(92212d12dbf882c40a65462ed149a0c1) Importer(2089858483,0ecaa5967403d082aa24f35e1b516d23) Generated GUIDs only implemented for interfaces!
 -> (artifact id: '961503629efd0b3c5de873cb4a341e08') in 0.021576 seconds
Number of updated asset objects reloaded before import = 0
Number of asset objects unloaded after import = 1
========================================================================
Received Import Request.
  Time since last request: 0.000018 seconds.
  path: Assets/GLASSOFCOINS - FPS low poly fps/shotgun1/shotgun1_anim/shotgun1_hands_draw_shotgun1.anim
  artifactKey: Guid(5152a275e542cea4882fe7c86c12b614) Importer(2089858483,0ecaa5967403d082aa24f35e1b516d23)
Start importing Assets/GLASSOFCOINS - FPS low poly fps/shotgun1/shotgun1_anim/shotgun1_hands_draw_shotgun1.anim using Guid(5152a275e542cea4882fe7c86c12b614) Importer(2089858483,0ecaa5967403d082aa24f35e1b516d23) Generated GUIDs only implemented for interfaces!
 -> (artifact id: 'fcbdbb534eca18f21e551acbda852a2a') in 0.019675 seconds
Number of updated asset objects reloaded before import = 0
Number of asset objects unloaded after import = 1
========================================================================
Received Import Request.
  Time since last request: 0.000017 seconds.
  path: Assets/GLASSOFCOINS - FPS low poly fps/shotgun1/shotgun1_prefab/shotgun1_prefab.prefab
  artifactKey: Guid(354f121efb561d647bf71866bf2c0841) Importer(2089858483,0ecaa5967403d082aa24f35e1b516d23)
Start importing Assets/GLASSOFCOINS - FPS low poly fps/shotgun1/shotgun1_prefab/shotgun1_prefab.prefab using Guid(354f121efb561d647bf71866bf2c0841) Importer(2089858483,0ecaa5967403d082aa24f35e1b516d23) Generated GUIDs only implemented for interfaces!
 -> (artifact id: '4648559f4b6e96989d537c0637f4073f') in 0.014146 seconds
Number of updated asset objects reloaded before import = 0
Number of asset objects unloaded after import = 132
========================================================================
Received Import Request.
  Time since last request: 0.000016 seconds.
  path: Assets/GLASSOFCOINS - FPS low poly fps/smg1(sub-machine gun)/smg1(sub-machine gun)_anim/smg1(sub-machine gun)_hands_Aim_smg1(sub-machine gun).anim
  artifactKey: Guid(373b7a904ddf1164da2b061472b7d939) Importer(2089858483,0ecaa5967403d082aa24f35e1b516d23)
Start importing Assets/GLASSOFCOINS - FPS low poly fps/smg1(sub-machine gun)/smg1(sub-machine gun)_anim/smg1(sub-machine gun)_hands_Aim_smg1(sub-machine gun).anim using Guid(373b7a904ddf1164da2b061472b7d939) Importer(2089858483,0ecaa5967403d082aa24f35e1b516d23) Generated GUIDs only implemented for interfaces!
 -> (artifact id: 'b192c814a0306f055e9cff92370d7eab') in 0.021040 seconds
Number of updated asset objects reloaded before import = 0
Number of asset objects unloaded after import = 1
========================================================================
Received Import Request.
  Time since last request: 0.000016 seconds.
  path: Assets/GLASSOFCOINS - FPS low poly fps/sniper rifle 1/sniper rifle 1_anim/sniper rifle 1_hands_ReloadNoAmmo_sniper rifle 1.anim
  artifactKey: Guid(f34ada3961eef714d91e8a8256b85998) Importer(2089858483,0ecaa5967403d082aa24f35e1b516d23)
Start importing Assets/GLASSOFCOINS - FPS low poly fps/sniper rifle 1/sniper rifle 1_anim/sniper rifle 1_hands_ReloadNoAmmo_sniper rifle 1.anim using Guid(f34ada3961eef714d91e8a8256b85998) Importer(2089858483,0ecaa5967403d082aa24f35e1b516d23) Generated GUIDs only implemented for interfaces!
 -> (artifact id: 'dfae767c77efae52cb95c6b0203d5e2c') in 0.027062 seconds
Number of updated asset objects reloaded before import = 0
Number of asset objects unloaded after import = 1
========================================================================
Received Import Request.
  Time since last request: 0.000023 seconds.
  path: Assets/GLASSOFCOINS - FPS low poly fps/pistol1/pistol1_anim/pistol1_hands_ReloadNoAmmo_pistol1.anim
  artifactKey: Guid(49430d371aca3564a84e3bebb93f9f18) Importer(2089858483,0ecaa5967403d082aa24f35e1b516d23)
Start importing Assets/GLASSOFCOINS - FPS low poly fps/pistol1/pistol1_anim/pistol1_hands_ReloadNoAmmo_pistol1.anim using Guid(49430d371aca3564a84e3bebb93f9f18) Importer(2089858483,0ecaa5967403d082aa24f35e1b516d23) Generated GUIDs only implemented for interfaces!
 -> (artifact id: '788d9572e648086cc6515c212a635bfd') in 0.023218 seconds
Number of updated asset objects reloaded before import = 0
Number of asset objects unloaded after import = 1
========================================================================
Received Import Request.
  Time since last request: 0.000018 seconds.
  path: Assets/GLASSOFCOINS - FPS low poly fps/shotgun1/shotgun1_anim/shotgun1_hands_ThrowSlideBack_shotgun1.anim
  artifactKey: Guid(f65f5105904509e4ebce51d6844246a0) Importer(2089858483,0ecaa5967403d082aa24f35e1b516d23)
Start importing Assets/GLASSOFCOINS - FPS low poly fps/shotgun1/shotgun1_anim/shotgun1_hands_ThrowSlideBack_shotgun1.anim using Guid(f65f5105904509e4ebce51d6844246a0) Importer(2089858483,0ecaa5967403d082aa24f35e1b516d23) Generated GUIDs only implemented for interfaces!
 -> (artifact id: '9a4e55143208d52692aa549f7baa9977') in 0.021729 seconds
Number of updated asset objects reloaded before import = 0
Number of asset objects unloaded after import = 1
========================================================================
Received Import Request.
  Time since last request: 0.000023 seconds.
  path: Assets/MiniMapCamera.prefab
  artifactKey: Guid(ff66c15af858b5d43890987ab81a34dc) Importer(2089858483,0ecaa5967403d082aa24f35e1b516d23)
Start importing Assets/MiniMapCamera.prefab using Guid(ff66c15af858b5d43890987ab81a34dc) Importer(2089858483,0ecaa5967403d082aa24f35e1b516d23) Generated GUIDs only implemented for interfaces!
 -> (artifact id: 'c1801a9778bc88c452ea7c4bb4150ab3') in 0.029665 seconds
Number of updated asset objects reloaded before import = 0
Number of asset objects unloaded after import = 21
========================================================================
Received Import Request.
  Time since last request: 0.000023 seconds.
  path: Assets/TextMesh Pro/Shaders/TMP_SDF-Surface.shader
  artifactKey: Guid(f7ada0af4f174f0694ca6a487b8f543d) Importer(2089858483,0ecaa5967403d082aa24f35e1b516d23)
Start importing Assets/TextMesh Pro/Shaders/TMP_SDF-Surface.shader using Guid(f7ada0af4f174f0694ca6a487b8f543d) Importer(2089858483,0ecaa5967403d082aa24f35e1b516d23) Generated GUIDs only implemented for interfaces!
 -> (artifact id: '08f4e94038c635954add59d476ec61fa') in 0.024409 seconds
Number of updated asset objects reloaded before import = 0
Number of asset objects unloaded after import = 1
========================================================================
Received Import Request.
  Time since last request: 0.000034 seconds.
  path: Assets/GLASSOFCOINS - FPS low poly fps/smg1(sub-machine gun)/smg1(sub-machine gun).fbx
  artifactKey: Guid(b672a68cb6327b44793c1fd4ca756460) Importer(2089858483,0ecaa5967403d082aa24f35e1b516d23)
Start importing Assets/GLASSOFCOINS - FPS low poly fps/smg1(sub-machine gun)/smg1(sub-machine gun).fbx using Guid(b672a68cb6327b44793c1fd4ca756460) Importer(2089858483,0ecaa5967403d082aa24f35e1b516d23) Generated GUIDs only implemented for interfaces!
 -> (artifact id: '4a1b21037afc2f4b8af29ab7f78f6983') in 0.081258 seconds
Number of updated asset objects reloaded before import = 0
Number of asset objects unloaded after import = 148
========================================================================
Received Import Request.
  Time since last request: 0.000031 seconds.
  path: Assets/crosshair007.png
  artifactKey: Guid(a1dfd1427dca3894aad5c71d473c4a5f) Importer(2089858483,0ecaa5967403d082aa24f35e1b516d23)
Start importing Assets/crosshair007.png using Guid(a1dfd1427dca3894aad5c71d473c4a5f) Importer(2089858483,0ecaa5967403d082aa24f35e1b516d23) Generated GUIDs only implemented for interfaces!
 -> (artifact id: '0e13e8f9629325e7d40dcee23dd1ced0') in 0.040461 seconds
Number of updated asset objects reloaded before import = 0
Number of asset objects unloaded after import = 3
========================================================================
Received Import Request.
  Time since last request: 0.000021 seconds.
  path: Assets/TextMesh Pro/Resources/Fonts & Materials/LiberationSans SDF - Drop Shadow.mat
  artifactKey: Guid(e73a58f6e2794ae7b1b7e50b7fb811b0) Importer(2089858483,0ecaa5967403d082aa24f35e1b516d23)
Start importing Assets/TextMesh Pro/Resources/Fonts & Materials/LiberationSans SDF - Drop Shadow.mat using Guid(e73a58f6e2794ae7b1b7e50b7fb811b0) Importer(2089858483,0ecaa5967403d082aa24f35e1b516d23) Generated GUIDs only implemented for interfaces!
 -> (artifact id: '8f35da13deb6361b3b5a25a0b3b91a33') in 0.034034 seconds
Number of updated asset objects reloaded before import = 0
Number of asset objects unloaded after import = 2
========================================================================
Received Import Request.
  Time since last request: 0.000027 seconds.
  path: Assets/GLASSOFCOINS - FPS low poly fps/sniper rifle 2/sniper rifle 2_anim/sniper rifle 2_hands_AimWalk_sniper rifle 2.anim
  artifactKey: Guid(0368461055ee6e24c9c3733fcda5ab4b) Importer(2089858483,0ecaa5967403d082aa24f35e1b516d23)
Start importing Assets/GLASSOFCOINS - FPS low poly fps/sniper rifle 2/sniper rifle 2_anim/sniper rifle 2_hands_AimWalk_sniper rifle 2.anim using Guid(0368461055ee6e24c9c3733fcda5ab4b) Importer(2089858483,0ecaa5967403d082aa24f35e1b516d23) Generated GUIDs only implemented for interfaces!
 -> (artifact id: 'dc9de7ee284c4946774ae783e8b3d88e') in 0.023427 seconds
Number of updated asset objects reloaded before import = 0
Number of asset objects unloaded after import = 1
========================================================================
Received Import Request.
  Time since last request: 0.000294 seconds.
  path: Assets/GLASSOFCOINS - FPS low poly fps/sniper rifle 2/sniper rifle 2_anim/sniper rifle 2_hands_Aim_sniper rifle 2.anim
  artifactKey: Guid(7e3b04c004eb06647a0588286e184921) Importer(2089858483,0ecaa5967403d082aa24f35e1b516d23)
Start importing Assets/GLASSOFCOINS - FPS low poly fps/sniper rifle 2/sniper rifle 2_anim/sniper rifle 2_hands_Aim_sniper rifle 2.anim using Guid(7e3b04c004eb06647a0588286e184921) Importer(2089858483,0ecaa5967403d082aa24f35e1b516d23) Generated GUIDs only implemented for interfaces!
 -> (artifact id: 'a71d403c234a98c2057a2162aaea4ff3') in 0.023960 seconds
Number of updated asset objects reloaded before import = 0
Number of asset objects unloaded after import = 1
========================================================================
Received Import Request.
  Time since last request: 0.000019 seconds.
  path: Assets/TextMesh Pro/Resources/Sprite Assets/EmojiOne.asset
  artifactKey: Guid(c41005c129ba4d66911b75229fd70b45) Importer(2089858483,0ecaa5967403d082aa24f35e1b516d23)
Start importing Assets/TextMesh Pro/Resources/Sprite Assets/EmojiOne.asset using Guid(c41005c129ba4d66911b75229fd70b45) Importer(2089858483,0ecaa5967403d082aa24f35e1b516d23) Generated GUIDs only implemented for interfaces!
 -> (artifact id: '5072c559398128f58aaa453b8eacc378') in 0.021799 seconds
Number of updated asset objects reloaded before import = 0
Number of asset objects unloaded after import = 2
========================================================================
Received Import Request.
  Time since last request: 0.000037 seconds.
  path: Assets/GLASSOFCOINS - FPS low poly fps/pistol2/pistol2_anim/pistol2_hands_AimWalk_pistol2.anim
  artifactKey: Guid(c2853855578198a4e91d5128b2973583) Importer(2089858483,0ecaa5967403d082aa24f35e1b516d23)
Start importing Assets/GLASSOFCOINS - FPS low poly fps/pistol2/pistol2_anim/pistol2_hands_AimWalk_pistol2.anim using Guid(c2853855578198a4e91d5128b2973583) Importer(2089858483,0ecaa5967403d082aa24f35e1b516d23) Generated GUIDs only implemented for interfaces!
 -> (artifact id: '15f05259b70b51ad7fbfa7732126a4b3') in 0.023883 seconds
Number of updated asset objects reloaded before import = 0
Number of asset objects unloaded after import = 1
========================================================================
Received Import Request.
  Time since last request: 0.000024 seconds.
  path: Assets/GLASSOFCOINS - FPS low poly fps/ar2(automatic rifle)/ar1(automatic rifle)_prefab/ar2(automatic rifle)_prefab.prefab
  artifactKey: Guid(fb816b0183c1b0647ae50c5bfe1dff7f) Importer(2089858483,0ecaa5967403d082aa24f35e1b516d23)
Start importing Assets/GLASSOFCOINS - FPS low poly fps/ar2(automatic rifle)/ar1(automatic rifle)_prefab/ar2(automatic rifle)_prefab.prefab using Guid(fb816b0183c1b0647ae50c5bfe1dff7f) Importer(2089858483,0ecaa5967403d082aa24f35e1b516d23) Generated GUIDs only implemented for interfaces!
 -> (artifact id: '742490313555ce98651f1f5dad936dbc') in 0.019516 seconds
Number of updated asset objects reloaded before import = 0
Number of asset objects unloaded after import = 82
========================================================================
Received Import Request.
  Time since last request: 0.000027 seconds.
  path: Assets/Materials/Minimaplvl1.mat
  artifactKey: Guid(5b15b3b3ef8649a4b95df967feb13041) Importer(2089858483,0ecaa5967403d082aa24f35e1b516d23)
Start importing Assets/Materials/Minimaplvl1.mat using Guid(5b15b3b3ef8649a4b95df967feb13041) Importer(2089858483,0ecaa5967403d082aa24f35e1b516d23) Generated GUIDs only implemented for interfaces!
 -> (artifact id: '7d56cb40ca14f23962d50aa3cf998611') in 0.015711 seconds
Number of updated asset objects reloaded before import = 0
Number of asset objects unloaded after import = 2
========================================================================
Received Import Request.
  Time since last request: 0.000025 seconds.
  path: Assets/Scenes/Level 1/NavMesh.asset
  artifactKey: Guid(63afe1c33f93ce34a8535fd97b7bdfc2) Importer(2089858483,0ecaa5967403d082aa24f35e1b516d23)
Start importing Assets/Scenes/Level 1/NavMesh.asset using Guid(63afe1c33f93ce34a8535fd97b7bdfc2) Importer(2089858483,0ecaa5967403d082aa24f35e1b516d23) Generated GUIDs only implemented for interfaces!
 -> (artifact id: '6e2b7446e808fd062e1fe1e586059cc0') in 0.017687 seconds
Number of updated asset objects reloaded before import = 0
Number of asset objects unloaded after import = 1
========================================================================
Received Prepare
Refreshing native plugins compatible for Editor in 6.32 ms, found 3 plugins.
Preloading 0 native plugins for Editor in 0.00 ms.
Unloading 2 Unused Serialized files (Serialized files now loaded: 0)
Unloading 3 unused Assets / (115.7 KB). Loaded Objects now: 4186.
Memory consumption went from 82.4 MB to 82.3 MB.
Total: 5.885800 ms (FindLiveObjects: 0.674500 ms CreateObjectMapping: 0.144600 ms MarkObjects: 4.904000 ms  DeleteObjects: 0.161400 ms)

Prepare: number of updated asset objects reloaded= 0
AssetImportParameters requested are different than current active one (requested -> active):
  custom:container-demuxer-ogg: 62fdf1f143b41e24485cea50d1cbac27 -> 
  custom:video-decoder-ogg-theora: a1e56fd34408186e4bbccfd4996cb3dc -> 
  custom:framework-win-MediaFoundation: 216162199b28c13a410421893ffa2e32 -> 
  custom:CustomObjectIndexerAttribute: 756ad292c208cfabdd7b50bc23989ffe -> 
  custom:container-demuxer-webm: 4f35f7cbe854078d1ac9338744f61a02 -> 
  custom:container-muxer-webm: aa71ff27fc2769a1b78a27578f13a17b -> 
  custom:video-decoder-webm-vp8: 9c59270c3fd7afecdb556c50c9e8de78 -> 
  custom:SearchIndexIgnoredProperties: e643bd26f0fe6173181afceb89e7c659 -> 
  custom:AudioImporter_EditorPlatform: d09bf68614088b80899f8185d706f6e7 -> 
  custom:video-encoder-webm-vp8: eb34c28f22e8b96e1ab97ce403110664 -> 
  custom:audio-decoder-ogg-vorbis: bf7c407c2cedff20999df2af8eb42d56 -> 
  custom:audio-encoder-webm-vorbis: bf7c407c2cedff20999df2af8eb42d56 -> 
========================================================================
Received Prepare
Refreshing native plugins compatible for Editor in 4.80 ms, found 3 plugins.
Preloading 0 native plugins for Editor in 0.00 ms.
Unloading 3 Unused Serialized files (Serialized files now loaded: 0)
Unloading 3 unused Assets / (142.1 KB). Loaded Objects now: 4186.
Memory consumption went from 82.7 MB to 82.6 MB.
Total: 3.769600 ms (FindLiveObjects: 0.486900 ms CreateObjectMapping: 0.090600 ms MarkObjects: 3.067800 ms  DeleteObjects: 0.123200 ms)

Prepare: number of updated asset objects reloaded= 0
AssetImportParameters requested are different than current active one (requested -> active):
  custom:container-demuxer-ogg: 62fdf1f143b41e24485cea50d1cbac27 -> 
  custom:video-decoder-ogg-theora: a1e56fd34408186e4bbccfd4996cb3dc -> 
  custom:framework-win-MediaFoundation: 216162199b28c13a410421893ffa2e32 -> 
  custom:CustomObjectIndexerAttribute: 756ad292c208cfabdd7b50bc23989ffe -> 
  custom:container-demuxer-webm: 4f35f7cbe854078d1ac9338744f61a02 -> 
  custom:container-muxer-webm: aa71ff27fc2769a1b78a27578f13a17b -> 
  custom:video-decoder-webm-vp8: 9c59270c3fd7afecdb556c50c9e8de78 -> 
  custom:SearchIndexIgnoredProperties: e643bd26f0fe6173181afceb89e7c659 -> 
  custom:AudioImporter_EditorPlatform: d09bf68614088b80899f8185d706f6e7 -> 
  custom:video-encoder-webm-vp8: eb34c28f22e8b96e1ab97ce403110664 -> 
  custom:audio-decoder-ogg-vorbis: bf7c407c2cedff20999df2af8eb42d56 -> 
  custom:audio-encoder-webm-vorbis: bf7c407c2cedff20999df2af8eb42d56 -> 
Editor requested this worker to shutdown with reason: Scaling down because of idle timeout
TcpMessagingSession - receive error: operation aborted. errorcode: 995, details: The I/O operation has been aborted because of either a thread exit or an application request.
AssetImportWorker is now disconnected from the server
Process exiting
Exiting without the bug reporter. Application will terminate with return code 0